iso.3.6.1.2.1.1.1.0 = STRING: "APC Web/SNMP Management Card (MB:v4.1.0 PF:v6.6.4 PN:apc_hw05_aos_664.bin AF1:v6.6.4 AN1:apc_hw05_sumx_664.bin MN:AP9631 HR:08 SN: 5A1929T02543 MD:07/21/2019) (Embedded PowerNet SNMP Agent SW v2.2 compatible)"
iso.3.6.1.2.1.1.2.0 = OID: iso.3.6.1.4.1.318.1.3.27
iso.3.6.1.2.1.1.3.0 = Timeticks: (5540) 0:00:55.40
iso.3.6.1.2.1.1.4.0 = STRING: "Unknown"
iso.3.6.1.2.1.1.5.0 = STRING: "apc24C626"
iso.3.6.1.2.1.1.6.0 = STRING: "SHKAF1"
iso.3.6.1.2.1.1.7.0 = INTEGER: 72
iso.3.6.1.2.1.1.8.0 = Timeticks: (0) 0:00:00.00
iso.3.6.1.2.1.1.9.1.2.1 = OID: iso.3.6.1.6.3.1
iso.3.6.1.2.1.1.9.1.2.2 = OID: iso.3.6.1.6.3.10.3.1.1
iso.3.6.1.2.1.1.9.1.2.3 = OID: iso.3.6.1.6.3.11.3.1.1
iso.3.6.1.2.1.1.9.1.2.4 = OID: iso.3.6.1.6.3.15.2.1.1
iso.3.6.1.2.1.1.9.1.2.5 = OID: iso.3.6.1.6.3.16.2.1.1
iso.3.6.1.2.1.1.9.1.3.1 = STRING: "The MIB Module from SNMPv2 entities"
iso.3.6.1.2.1.1.9.1.3.2 = STRING: "SNMP Management Architecture MIB"
iso.3.6.1.2.1.1.9.1.3.3 = STRING: "Message Processing and Dispatching MIB"
iso.3.6.1.2.1.1.9.1.3.4 = STRING: "USM User MIB"
iso.3.6.1.2.1.1.9.1.3.5 = STRING: "VACM MIB"
iso.3.6.1.2.1.1.9.1.4.1 = Timeticks: (0) 0:00:00.00
iso.3.6.1.2.1.1.9.1.4.2 = Timeticks: (0) 0:00:00.00
iso.3.6.1.2.1.1.9.1.4.3 = Timeticks: (0) 0:00:00.00
iso.3.6.1.2.1.1.9.1.4.4 = Timeticks: (0) 0:00:00.00
iso.3.6.1.2.1.1.9.1.4.5 = Timeticks: (0) 0:00:00.00
iso.3.6.1.2.1.2.1.0 = INTEGER: 2
iso.3.6.1.2.1.2.2.1.1.1 = INTEGER: 1
iso.3.6.1.2.1.2.2.1.1.2 = INTEGER: 2
iso.3.6.1.2.1.2.2.1.2.1 = STRING: "LOOPBACK"
iso.3.6.1.2.1.2.2.1.2.2 = STRING: "vmac0"
iso.3.6.1.2.1.2.2.1.3.1 = INTEGER: 24
iso.3.6.1.2.1.2.2.1.3.2 = INTEGER: 6
iso.3.6.1.2.1.2.2.1.4.1 = INTEGER: 1500
iso.3.6.1.2.1.2.2.1.4.2 = INTEGER: 1500
iso.3.6.1.2.1.2.2.1.5.1 = Gauge32: 0
iso.3.6.1.2.1.2.2.1.5.2 = Gauge32: 100000000
iso.3.6.1.2.1.2.2.1.6.1 = ""
iso.3.6.1.2.1.2.2.1.6.2 = Hex-STRING: 28 29 86 24 C6 26 
iso.3.6.1.2.1.2.2.1.7.1 = INTEGER: 1
iso.3.6.1.2.1.2.2.1.7.2 = INTEGER: 1
iso.3.6.1.2.1.2.2.1.8.1 = INTEGER: 1
iso.3.6.1.2.1.2.2.1.8.2 = INTEGER: 1
iso.3.6.1.2.1.2.2.1.9.1 = Timeticks: (0) 0:00:00.00
iso.3.6.1.2.1.2.2.1.9.2 = Timeticks: (25) 0:00:00.25
iso.3.6.1.2.1.2.2.1.10.1 = Counter32: 0
iso.3.6.1.2.1.2.2.1.10.2 = Counter32: 53286
iso.3.6.1.2.1.2.2.1.11.1 = Counter32: 0
iso.3.6.1.2.1.2.2.1.11.2 = Counter32: 528
iso.3.6.1.2.1.2.2.1.12.1 = Counter32: 0
iso.3.6.1.2.1.2.2.1.12.2 = Counter32: 17
iso.3.6.1.2.1.2.2.1.13.1 = Counter32: 0
iso.3.6.1.2.1.2.2.1.13.2 = Counter32: 0
iso.3.6.1.2.1.2.2.1.14.1 = Counter32: 0
iso.3.6.1.2.1.2.2.1.14.2 = Counter32: 0
iso.3.6.1.2.1.2.2.1.15.1 = Counter32: 0
iso.3.6.1.2.1.2.2.1.15.2 = Counter32: 0
iso.3.6.1.2.1.2.2.1.16.1 = Counter32: 0
iso.3.6.1.2.1.2.2.1.16.2 = Counter32: 55681
iso.3.6.1.2.1.2.2.1.17.1 = Counter32: 0
iso.3.6.1.2.1.2.2.1.17.2 = Counter32: 560
iso.3.6.1.2.1.2.2.1.18.1 = Counter32: 0
iso.3.6.1.2.1.2.2.1.18.2 = Counter32: 8
iso.3.6.1.2.1.2.2.1.19.1 = Counter32: 0
iso.3.6.1.2.1.2.2.1.19.2 = Counter32: 0
iso.3.6.1.2.1.2.2.1.20.1 = Counter32: 0
iso.3.6.1.2.1.2.2.1.20.2 = Counter32: 0
iso.3.6.1.2.1.2.2.1.21.1 = Gauge32: 0
iso.3.6.1.2.1.2.2.1.21.2 = Gauge32: 0
iso.3.6.1.2.1.2.2.1.22.1 = OID: ccitt.0
iso.3.6.1.2.1.2.2.1.22.2 = OID: ccitt.0
iso.3.6.1.2.1.3.1.1.1.2.1.192.168.140.1 = INTEGER: 2
iso.3.6.1.2.1.3.1.1.1.2.1.192.168.140.8 = INTEGER: 2
iso.3.6.1.2.1.3.1.1.1.2.1.192.168.140.64 = INTEGER: 2
iso.3.6.1.2.1.3.1.1.1.2.1.192.168.140.202 = INTEGER: 2
iso.3.6.1.2.1.3.1.1.2.2.1.192.168.140.1 = Hex-STRING: C4 AD 34 30 A8 A1 
iso.3.6.1.2.1.3.1.1.2.2.1.192.168.140.8 = Hex-STRING: 2C 94 64 02 9B 3C 
iso.3.6.1.2.1.3.1.1.2.2.1.192.168.140.64 = Hex-STRING: 08 ED ED 1A 3B C9 
iso.3.6.1.2.1.3.1.1.2.2.1.192.168.140.202 = Hex-STRING: AC 1F 6B D8 08 42 
iso.3.6.1.2.1.3.1.1.3.2.1.192.168.140.1 = IpAddress: 192.168.140.1
iso.3.6.1.2.1.3.1.1.3.2.1.192.168.140.8 = IpAddress: 192.168.140.8
iso.3.6.1.2.1.3.1.1.3.2.1.192.168.140.64 = IpAddress: 192.168.140.64
iso.3.6.1.2.1.3.1.1.3.2.1.192.168.140.202 = IpAddress: 192.168.140.202
iso.3.6.1.2.1.4.1.0 = INTEGER: 2
iso.3.6.1.2.1.4.2.0 = INTEGER: 64
iso.3.6.1.2.1.4.3.0 = Counter32: 588
iso.3.6.1.2.1.4.4.0 = Counter32: 0
iso.3.6.1.2.1.4.5.0 = Counter32: 0
iso.3.6.1.2.1.4.6.0 = Counter32: 0
iso.3.6.1.2.1.4.7.0 = Counter32: 0
iso.3.6.1.2.1.4.8.0 = Counter32: 0
iso.3.6.1.2.1.4.9.0 = Counter32: 596
iso.3.6.1.2.1.4.10.0 = Counter32: 576
iso.3.6.1.2.1.4.11.0 = Counter32: 0
iso.3.6.1.2.1.4.12.0 = Counter32: 0
iso.3.6.1.2.1.4.13.0 = INTEGER: 64
iso.3.6.1.2.1.4.14.0 = Counter32: 0
iso.3.6.1.2.1.4.15.0 = Counter32: 0
iso.3.6.1.2.1.4.16.0 = Counter32: 0
iso.3.6.1.2.1.4.17.0 = Counter32: 0
iso.3.6.1.2.1.4.18.0 = Counter32: 0
iso.3.6.1.2.1.4.19.0 = Counter32: 0
iso.3.6.1.2.1.4.20.1.1.127.0.0.1 = IpAddress: 127.0.0.1
iso.3.6.1.2.1.4.20.1.1.192.168.140.6 = IpAddress: 192.168.140.6
iso.3.6.1.2.1.4.20.1.2.127.0.0.1 = INTEGER: 1
iso.3.6.1.2.1.4.20.1.2.192.168.140.6 = INTEGER: 2
iso.3.6.1.2.1.4.20.1.3.127.0.0.1 = IpAddress: 255.255.255.255
iso.3.6.1.2.1.4.20.1.3.192.168.140.6 = IpAddress: 255.255.255.0
iso.3.6.1.2.1.4.20.1.4.127.0.0.1 = INTEGER: 1
iso.3.6.1.2.1.4.20.1.4.192.168.140.6 = INTEGER: 1
iso.3.6.1.2.1.4.20.1.5.127.0.0.1 = INTEGER: 1500
iso.3.6.1.2.1.4.20.1.5.192.168.140.6 = INTEGER: 1500
iso.3.6.1.2.1.4.21.1.1.127.0.0.1 = IpAddress: 127.0.0.1
iso.3.6.1.2.1.4.21.1.1.192.168.140.0 = IpAddress: 192.168.140.0
iso.3.6.1.2.1.4.21.1.2.127.0.0.1 = INTEGER: 1
iso.3.6.1.2.1.4.21.1.2.192.168.140.0 = INTEGER: 2
iso.3.6.1.2.1.4.21.1.3.127.0.0.1 = INTEGER: 0
iso.3.6.1.2.1.4.21.1.3.192.168.140.0 = INTEGER: 0
iso.3.6.1.2.1.4.21.1.4.127.0.0.1 = INTEGER: 65535
iso.3.6.1.2.1.4.21.1.4.192.168.140.0 = INTEGER: 65535
iso.3.6.1.2.1.4.21.1.5.127.0.0.1 = INTEGER: 65535
iso.3.6.1.2.1.4.21.1.5.192.168.140.0 = INTEGER: 65535
iso.3.6.1.2.1.4.21.1.6.127.0.0.1 = INTEGER: 65535
iso.3.6.1.2.1.4.21.1.6.192.168.140.0 = INTEGER: 65535
iso.3.6.1.2.1.4.21.1.7.127.0.0.1 = IpAddress: 0.0.0.0
iso.3.6.1.2.1.4.21.1.7.192.168.140.0 = IpAddress: 0.0.0.0
iso.3.6.1.2.1.4.21.1.8.127.0.0.1 = INTEGER: 3
iso.3.6.1.2.1.4.21.1.8.192.168.140.0 = INTEGER: 3
iso.3.6.1.2.1.4.21.1.9.127.0.0.1 = INTEGER: 2
iso.3.6.1.2.1.4.21.1.9.192.168.140.0 = INTEGER: 2
iso.3.6.1.2.1.4.21.1.10.127.0.0.1 = INTEGER: 65535
iso.3.6.1.2.1.4.21.1.10.192.168.140.0 = INTEGER: 65535
iso.3.6.1.2.1.4.21.1.11.127.0.0.1 = IpAddress: 255.255.255.255
iso.3.6.1.2.1.4.21.1.11.192.168.140.0 = IpAddress: 255.255.255.255
iso.3.6.1.2.1.4.21.1.12.127.0.0.1 = INTEGER: 65535
iso.3.6.1.2.1.4.21.1.12.192.168.140.0 = INTEGER: 65535
iso.3.6.1.2.1.4.21.1.13.127.0.0.1 = OID: ccitt.0
iso.3.6.1.2.1.4.21.1.13.192.168.140.0 = OID: ccitt.0
iso.3.6.1.2.1.4.22.1.1.2.192.168.140.1 = INTEGER: 2
iso.3.6.1.2.1.4.22.1.1.2.192.168.140.8 = INTEGER: 2
iso.3.6.1.2.1.4.22.1.1.2.192.168.140.64 = INTEGER: 2
iso.3.6.1.2.1.4.22.1.1.2.192.168.140.202 = INTEGER: 2
iso.3.6.1.2.1.4.22.1.2.2.192.168.140.1 = Hex-STRING: C4 AD 34 30 A8 A1 
iso.3.6.1.2.1.4.22.1.2.2.192.168.140.8 = Hex-STRING: 2C 94 64 02 9B 3C 
iso.3.6.1.2.1.4.22.1.2.2.192.168.140.64 = Hex-STRING: 08 ED ED 1A 3B C9 
iso.3.6.1.2.1.4.22.1.2.2.192.168.140.202 = Hex-STRING: AC 1F 6B D8 08 42 
iso.3.6.1.2.1.4.22.1.3.2.192.168.140.1 = IpAddress: 192.168.140.1
iso.3.6.1.2.1.4.22.1.3.2.192.168.140.8 = IpAddress: 192.168.140.8
iso.3.6.1.2.1.4.22.1.3.2.192.168.140.64 = IpAddress: 192.168.140.64
iso.3.6.1.2.1.4.22.1.3.2.192.168.140.202 = IpAddress: 192.168.140.202
iso.3.6.1.2.1.4.22.1.4.2.192.168.140.1 = INTEGER: 3
iso.3.6.1.2.1.4.22.1.4.2.192.168.140.8 = INTEGER: 3
iso.3.6.1.2.1.4.22.1.4.2.192.168.140.64 = INTEGER: 3
iso.3.6.1.2.1.4.22.1.4.2.192.168.140.202 = INTEGER: 3
iso.3.6.1.2.1.4.23.0 = Counter32: 0
iso.3.6.1.2.1.4.24.6.0 = Gauge32: 6
iso.3.6.1.2.1.4.24.7.1.7.1.4.0.0.0.0.0.1.0.1.4.192.168.140.1 = INTEGER: 2
iso.3.6.1.2.1.4.24.7.1.7.1.4.127.0.0.1.32.1.0.1.4.127.0.0.1 = INTEGER: 1
iso.3.6.1.2.1.4.24.7.1.7.1.4.192.168.140.0.24.1.0.1.4.192.168.140.6 = INTEGER: 2
iso.3.6.1.2.1.4.24.7.1.7.2.16.0.0.0.0.0.0.0.0.0.0.0.0.0.0.0.0.96.1.0.2.16.0.0.0.0.0.0.0.0.0.0.0.0.0.0.0.0 = INTEGER: 65534
iso.3.6.1.2.1.4.24.7.1.7.2.16.0.0.0.0.0.0.0.0.0.0.0.0.0.0.0.1.128.1.0.2.16.0.0.0.0.0.0.0.0.0.0.0.0.0.0.0.1 = INTEGER: 1
iso.3.6.1.2.1.4.24.7.1.7.2.16.254.128.0.0.2.0.0.0.0.0.0.0.0.0.0.0.64.1.0.2.16.254.128.0.0.2.0.0.0.42.41.134.255.254.36.198.38 = INTEGER: 2
iso.3.6.1.2.1.4.24.7.1.8.1.4.0.0.0.0.0.1.0.1.4.192.168.140.1 = INTEGER: 4
iso.3.6.1.2.1.4.24.7.1.8.1.4.127.0.0.1.32.1.0.1.4.127.0.0.1 = INTEGER: 3
iso.3.6.1.2.1.4.24.7.1.8.1.4.192.168.140.0.24.1.0.1.4.192.168.140.6 = INTEGER: 3
iso.3.6.1.2.1.4.24.7.1.8.2.16.0.0.0.0.0.0.0.0.0.0.0.0.0.0.0.0.96.1.0.2.16.0.0.0.0.0.0.0.0.0.0.0.0.0.0.0.0 = INTEGER: 4
iso.3.6.1.2.1.4.24.7.1.8.2.16.0.0.0.0.0.0.0.0.0.0.0.0.0.0.0.1.128.1.0.2.16.0.0.0.0.0.0.0.0.0.0.0.0.0.0.0.1 = INTEGER: 3
iso.3.6.1.2.1.4.24.7.1.8.2.16.254.128.0.0.2.0.0.0.0.0.0.0.0.0.0.0.64.1.0.2.16.254.128.0.0.2.0.0.0.42.41.134.255.254.36.198.38 = INTEGER: 3
iso.3.6.1.2.1.4.24.7.1.9.1.4.0.0.0.0.0.1.0.1.4.192.168.140.1 = INTEGER: 2
iso.3.6.1.2.1.4.24.7.1.9.1.4.127.0.0.1.32.1.0.1.4.127.0.0.1 = INTEGER: 2
iso.3.6.1.2.1.4.24.7.1.9.1.4.192.168.140.0.24.1.0.1.4.192.168.140.6 = INTEGER: 2
iso.3.6.1.2.1.4.24.7.1.9.2.16.0.0.0.0.0.0.0.0.0.0.0.0.0.0.0.0.96.1.0.2.16.0.0.0.0.0.0.0.0.0.0.0.0.0.0.0.0 = INTEGER: 2
iso.3.6.1.2.1.4.24.7.1.9.2.16.0.0.0.0.0.0.0.0.0.0.0.0.0.0.0.1.128.1.0.2.16.0.0.0.0.0.0.0.0.0.0.0.0.0.0.0.1 = INTEGER: 2
iso.3.6.1.2.1.4.24.7.1.9.2.16.254.128.0.0.2.0.0.0.0.0.0.0.0.0.0.0.64.1.0.2.16.254.128.0.0.2.0.0.0.42.41.134.255.254.36.198.38 = INTEGER: 2
iso.3.6.1.2.1.4.24.7.1.10.1.4.0.0.0.0.0.1.0.1.4.192.168.140.1 = Gauge32: 65535
iso.3.6.1.2.1.4.24.7.1.10.1.4.127.0.0.1.32.1.0.1.4.127.0.0.1 = Gauge32: 65535
iso.3.6.1.2.1.4.24.7.1.10.1.4.192.168.140.0.24.1.0.1.4.192.168.140.6 = Gauge32: 65535
iso.3.6.1.2.1.4.24.7.1.10.2.16.0.0.0.0.0.0.0.0.0.0.0.0.0.0.0.0.96.1.0.2.16.0.0.0.0.0.0.0.0.0.0.0.0.0.0.0.0 = Gauge32: 65535
iso.3.6.1.2.1.4.24.7.1.10.2.16.0.0.0.0.0.0.0.0.0.0.0.0.0.0.0.1.128.1.0.2.16.0.0.0.0.0.0.0.0.0.0.0.0.0.0.0.1 = Gauge32: 65535
iso.3.6.1.2.1.4.24.7.1.10.2.16.254.128.0.0.2.0.0.0.0.0.0.0.0.0.0.0.64.1.0.2.16.254.128.0.0.2.0.0.0.42.41.134.255.254.36.198.38 = Gauge32: 65535
iso.3.6.1.2.1.4.24.7.1.11.1.4.0.0.0.0.0.1.0.1.4.192.168.140.1 = Gauge32: 0
iso.3.6.1.2.1.4.24.7.1.11.1.4.127.0.0.1.32.1.0.1.4.127.0.0.1 = Gauge32: 0
iso.3.6.1.2.1.4.24.7.1.11.1.4.192.168.140.0.24.1.0.1.4.192.168.140.6 = Gauge32: 0
iso.3.6.1.2.1.4.24.7.1.11.2.16.0.0.0.0.0.0.0.0.0.0.0.0.0.0.0.0.96.1.0.2.16.0.0.0.0.0.0.0.0.0.0.0.0.0.0.0.0 = Gauge32: 0
iso.3.6.1.2.1.4.24.7.1.11.2.16.0.0.0.0.0.0.0.0.0.0.0.0.0.0.0.1.128.1.0.2.16.0.0.0.0.0.0.0.0.0.0.0.0.0.0.0.1 = Gauge32: 0
iso.3.6.1.2.1.4.24.7.1.11.2.16.254.128.0.0.2.0.0.0.0.0.0.0.0.0.0.0.64.1.0.2.16.254.128.0.0.2.0.0.0.42.41.134.255.254.36.198.38 = Gauge32: 0
iso.3.6.1.2.1.4.24.7.1.12.1.4.0.0.0.0.0.1.0.1.4.192.168.140.1 = INTEGER: 1
iso.3.6.1.2.1.4.24.7.1.12.1.4.127.0.0.1.32.1.0.1.4.127.0.0.1 = INTEGER: 0
iso.3.6.1.2.1.4.24.7.1.12.1.4.192.168.140.0.24.1.0.1.4.192.168.140.6 = INTEGER: 0
iso.3.6.1.2.1.4.24.7.1.12.2.16.0.0.0.0.0.0.0.0.0.0.0.0.0.0.0.0.96.1.0.2.16.0.0.0.0.0.0.0.0.0.0.0.0.0.0.0.0 = INTEGER: 1
iso.3.6.1.2.1.4.24.7.1.12.2.16.0.0.0.0.0.0.0.0.0.0.0.0.0.0.0.1.128.1.0.2.16.0.0.0.0.0.0.0.0.0.0.0.0.0.0.0.1 = INTEGER: 0
iso.3.6.1.2.1.4.24.7.1.12.2.16.254.128.0.0.2.0.0.0.0.0.0.0.0.0.0.0.64.1.0.2.16.254.128.0.0.2.0.0.0.42.41.134.255.254.36.198.38 = INTEGER: 0
iso.3.6.1.2.1.4.24.7.1.13.1.4.0.0.0.0.0.1.0.1.4.192.168.140.1 = INTEGER: -1
iso.3.6.1.2.1.4.24.7.1.13.1.4.127.0.0.1.32.1.0.1.4.127.0.0.1 = INTEGER: -1
iso.3.6.1.2.1.4.24.7.1.13.1.4.192.168.140.0.24.1.0.1.4.192.168.140.6 = INTEGER: -1
iso.3.6.1.2.1.4.24.7.1.13.2.16.0.0.0.0.0.0.0.0.0.0.0.0.0.0.0.0.96.1.0.2.16.0.0.0.0.0.0.0.0.0.0.0.0.0.0.0.0 = INTEGER: -1
iso.3.6.1.2.1.4.24.7.1.13.2.16.0.0.0.0.0.0.0.0.0.0.0.0.0.0.0.1.128.1.0.2.16.0.0.0.0.0.0.0.0.0.0.0.0.0.0.0.1 = INTEGER: -1
iso.3.6.1.2.1.4.24.7.1.13.2.16.254.128.0.0.2.0.0.0.0.0.0.0.0.0.0.0.64.1.0.2.16.254.128.0.0.2.0.0.0.42.41.134.255.254.36.198.38 = INTEGER: -1
iso.3.6.1.2.1.4.24.7.1.14.1.4.0.0.0.0.0.1.0.1.4.192.168.140.1 = INTEGER: -1
iso.3.6.1.2.1.4.24.7.1.14.1.4.127.0.0.1.32.1.0.1.4.127.0.0.1 = INTEGER: -1
iso.3.6.1.2.1.4.24.7.1.14.1.4.192.168.140.0.24.1.0.1.4.192.168.140.6 = INTEGER: -1
iso.3.6.1.2.1.4.24.7.1.14.2.16.0.0.0.0.0.0.0.0.0.0.0.0.0.0.0.0.96.1.0.2.16.0.0.0.0.0.0.0.0.0.0.0.0.0.0.0.0 = INTEGER: -1
iso.3.6.1.2.1.4.24.7.1.14.2.16.0.0.0.0.0.0.0.0.0.0.0.0.0.0.0.1.128.1.0.2.16.0.0.0.0.0.0.0.0.0.0.0.0.0.0.0.1 = INTEGER: -1
iso.3.6.1.2.1.4.24.7.1.14.2.16.254.128.0.0.2.0.0.0.0.0.0.0.0.0.0.0.64.1.0.2.16.254.128.0.0.2.0.0.0.42.41.134.255.254.36.198.38 = INTEGER: -1
iso.3.6.1.2.1.4.24.7.1.15.1.4.0.0.0.0.0.1.0.1.4.192.168.140.1 = INTEGER: -1
iso.3.6.1.2.1.4.24.7.1.15.1.4.127.0.0.1.32.1.0.1.4.127.0.0.1 = INTEGER: -1
iso.3.6.1.2.1.4.24.7.1.15.1.4.192.168.140.0.24.1.0.1.4.192.168.140.6 = INTEGER: -1
iso.3.6.1.2.1.4.24.7.1.15.2.16.0.0.0.0.0.0.0.0.0.0.0.0.0.0.0.0.96.1.0.2.16.0.0.0.0.0.0.0.0.0.0.0.0.0.0.0.0 = INTEGER: -1
iso.3.6.1.2.1.4.24.7.1.15.2.16.0.0.0.0.0.0.0.0.0.0.0.0.0.0.0.1.128.1.0.2.16.0.0.0.0.0.0.0.0.0.0.0.0.0.0.0.1 = INTEGER: -1
iso.3.6.1.2.1.4.24.7.1.15.2.16.254.128.0.0.2.0.0.0.0.0.0.0.0.0.0.0.64.1.0.2.16.254.128.0.0.2.0.0.0.42.41.134.255.254.36.198.38 = INTEGER: -1
iso.3.6.1.2.1.4.24.7.1.16.1.4.0.0.0.0.0.1.0.1.4.192.168.140.1 = INTEGER: -1
iso.3.6.1.2.1.4.24.7.1.16.1.4.127.0.0.1.32.1.0.1.4.127.0.0.1 = INTEGER: -1
iso.3.6.1.2.1.4.24.7.1.16.1.4.192.168.140.0.24.1.0.1.4.192.168.140.6 = INTEGER: -1
iso.3.6.1.2.1.4.24.7.1.16.2.16.0.0.0.0.0.0.0.0.0.0.0.0.0.0.0.0.96.1.0.2.16.0.0.0.0.0.0.0.0.0.0.0.0.0.0.0.0 = INTEGER: -1
iso.3.6.1.2.1.4.24.7.1.16.2.16.0.0.0.0.0.0.0.0.0.0.0.0.0.0.0.1.128.1.0.2.16.0.0.0.0.0.0.0.0.0.0.0.0.0.0.0.1 = INTEGER: -1
iso.3.6.1.2.1.4.24.7.1.16.2.16.254.128.0.0.2.0.0.0.0.0.0.0.0.0.0.0.64.1.0.2.16.254.128.0.0.2.0.0.0.42.41.134.255.254.36.198.38 = INTEGER: -1
iso.3.6.1.2.1.4.24.7.1.17.1.4.0.0.0.0.0.1.0.1.4.192.168.140.1 = INTEGER: 1
iso.3.6.1.2.1.4.24.7.1.17.1.4.127.0.0.1.32.1.0.1.4.127.0.0.1 = INTEGER: 1
iso.3.6.1.2.1.4.24.7.1.17.1.4.192.168.140.0.24.1.0.1.4.192.168.140.6 = INTEGER: 1
iso.3.6.1.2.1.4.24.7.1.17.2.16.0.0.0.0.0.0.0.0.0.0.0.0.0.0.0.0.96.1.0.2.16.0.0.0.0.0.0.0.0.0.0.0.0.0.0.0.0 = INTEGER: 1
iso.3.6.1.2.1.4.24.7.1.17.2.16.0.0.0.0.0.0.0.0.0.0.0.0.0.0.0.1.128.1.0.2.16.0.0.0.0.0.0.0.0.0.0.0.0.0.0.0.1 = INTEGER: 1
iso.3.6.1.2.1.4.24.7.1.17.2.16.254.128.0.0.2.0.0.0.0.0.0.0.0.0.0.0.64.1.0.2.16.254.128.0.0.2.0.0.0.42.41.134.255.254.36.198.38 = INTEGER: 1
iso.3.6.1.2.1.4.24.8.0 = Counter32: 0
iso.3.6.1.2.1.4.25.0 = INTEGER: 2
iso.3.6.1.2.1.4.26.0 = INTEGER: 0
iso.3.6.1.2.1.4.27.0 = Timeticks: (0) 0:00:00.00
iso.3.6.1.2.1.4.28.1.2.1 = INTEGER: 1500
iso.3.6.1.2.1.4.28.1.3.1 = INTEGER: 1
iso.3.6.1.2.1.4.28.1.4.1 = Gauge32: 1000
iso.3.6.1.2.1.4.29.0 = Timeticks: (0) 0:00:00.00
iso.3.6.1.2.1.4.30.1.2.1 = Gauge32: 1500
iso.3.6.1.2.1.4.30.1.3.1 = Hex-STRING: 00 00 00 00 00 00 00 00 
iso.3.6.1.2.1.4.30.1.5.1 = INTEGER: 1
iso.3.6.1.2.1.4.30.1.6.1 = Gauge32: 26043
iso.3.6.1.2.1.4.30.1.7.1 = Gauge32: 4000
iso.3.6.1.2.1.4.30.1.8.1 = INTEGER: 2
iso.3.6.1.2.1.4.31.1.1.3.1 = Counter32: 0
iso.3.6.1.2.1.4.31.1.1.3.2 = Counter32: 0
iso.3.6.1.2.1.4.31.1.1.4.1 = Counter64: 0
iso.3.6.1.2.1.4.31.1.1.4.2 = Counter64: 0
iso.3.6.1.2.1.4.31.1.1.5.1 = Counter32: 90093
iso.3.6.1.2.1.4.31.1.1.5.2 = Counter32: 0
iso.3.6.1.2.1.4.31.1.1.6.1 = Counter64: 96092
iso.3.6.1.2.1.4.31.1.1.6.2 = Counter64: 0
iso.3.6.1.2.1.4.31.1.1.7.1 = Counter32: 0
iso.3.6.1.2.1.4.31.1.1.7.2 = Counter32: 0
iso.3.6.1.2.1.4.31.1.1.8.1 = Counter32: 0
iso.3.6.1.2.1.4.31.1.1.8.2 = Counter32: 0
iso.3.6.1.2.1.4.31.1.1.9.1 = Counter32: 0
iso.3.6.1.2.1.4.31.1.1.9.2 = Counter32: 0
iso.3.6.1.2.1.4.31.1.1.10.1 = Counter32: 0
iso.3.6.1.2.1.4.31.1.1.10.2 = Counter32: 0
iso.3.6.1.2.1.4.31.1.1.11.1 = Counter32: 0
iso.3.6.1.2.1.4.31.1.1.11.2 = Counter32: 0
iso.3.6.1.2.1.4.31.1.1.12.1 = Counter32: 0
iso.3.6.1.2.1.4.31.1.1.12.2 = Counter32: 0
iso.3.6.1.2.1.4.31.1.1.13.1 = Counter64: 0
iso.3.6.1.2.1.4.31.1.1.13.2 = Counter64: 0
iso.3.6.1.2.1.4.31.1.1.14.1 = Counter32: 0
iso.3.6.1.2.1.4.31.1.1.14.2 = Counter32: 0
iso.3.6.1.2.1.4.31.1.1.15.1 = Counter32: 0
iso.3.6.1.2.1.4.31.1.1.15.2 = Counter32: 0
iso.3.6.1.2.1.4.31.1.1.16.1 = Counter32: 0
iso.3.6.1.2.1.4.31.1.1.16.2 = Counter32: 0
iso.3.6.1.2.1.4.31.1.1.17.1 = Counter32: 0
iso.3.6.1.2.1.4.31.1.1.17.2 = Counter32: 0
iso.3.6.1.2.1.4.31.1.1.18.1 = Counter32: 1275
iso.3.6.1.2.1.4.31.1.1.18.2 = Counter32: 0
iso.3.6.1.2.1.4.31.1.1.19.1 = Counter64: 0
iso.3.6.1.2.1.4.31.1.1.19.2 = Counter64: 0
iso.3.6.1.2.1.4.31.1.1.20.1 = Counter32: 1229
iso.3.6.1.2.1.4.31.1.1.20.2 = Counter32: 19
iso.3.6.1.2.1.4.31.1.1.21.1 = Counter64: 1231
iso.3.6.1.2.1.4.31.1.1.21.2 = Counter64: 19
iso.3.6.1.2.1.4.31.1.1.22.1 = Counter32: 0
iso.3.6.1.2.1.4.31.1.1.22.2 = Counter32: 0
iso.3.6.1.2.1.4.31.1.1.23.1 = Counter32: 0
iso.3.6.1.2.1.4.31.1.1.23.2 = Counter32: 0
iso.3.6.1.2.1.4.31.1.1.24.1 = Counter64: 0
iso.3.6.1.2.1.4.31.1.1.24.2 = Counter64: 0
iso.3.6.1.2.1.4.31.1.1.25.1 = Counter32: 0
iso.3.6.1.2.1.4.31.1.1.25.2 = Counter32: 0
iso.3.6.1.2.1.4.31.1.1.26.1 = Counter32: 0
iso.3.6.1.2.1.4.31.1.1.26.2 = Counter32: 0
iso.3.6.1.2.1.4.31.1.1.27.1 = Counter32: 0
iso.3.6.1.2.1.4.31.1.1.27.2 = Counter32: 0
iso.3.6.1.2.1.4.31.1.1.28.1 = Counter32: 0
iso.3.6.1.2.1.4.31.1.1.28.2 = Counter32: 0
iso.3.6.1.2.1.4.31.1.1.29.1 = Counter32: 0
iso.3.6.1.2.1.4.31.1.1.29.2 = Counter32: 0
iso.3.6.1.2.1.4.31.1.1.30.1 = Counter32: 0
iso.3.6.1.2.1.4.31.1.1.30.2 = Counter32: 0
iso.3.6.1.2.1.4.31.1.1.31.1 = Counter64: 0
iso.3.6.1.2.1.4.31.1.1.31.2 = Counter64: 0
iso.3.6.1.2.1.4.31.1.1.32.1 = Counter32: 125641
iso.3.6.1.2.1.4.31.1.1.32.2 = Counter32: 0
iso.3.6.1.2.1.4.31.1.1.33.1 = Counter64: 125821
iso.3.6.1.2.1.4.31.1.1.33.2 = Counter64: 0
iso.3.6.1.2.1.4.31.1.1.34.1 = Counter32: 24
iso.3.6.1.2.1.4.31.1.1.34.2 = Counter32: 0
