An error has occurred while serving metrics:

107 error(s) occurred:
* collected metric "upsHighPrecBatteryPackIndex" { label:<name:"upsHighPrecBatteryCartridgeIndex" value:"1" > label:<name:"upsHighPrecBatteryPackIndex" value:"7" > gauge:<value:7 > } was collected before with the same name and label values
* collected metric "upsHighPrecBatteryPackFirmwareRevision" { label:<name:"upsHighPrecBatteryCartridgeIndex" value:"1" > label:<name:"upsHighPrecBatteryPackFirmwareRevision" value:"" > label:<name:"upsHighPrecBatteryPackIndex" value:"9" > gauge:<value:1 > } was collected before with the same name and label values
* collected metric "upsHighPrecBatteryPackCartridgeStatus" { label:<name:"upsHighPrecBatteryCartridgeIndex" value:"1" > label:<name:"upsHighPrecBatteryPackCartridgeStatus" value:"" > label:<name:"upsHighPrecBatteryPackIndex" value:"8" > gauge:<value:1 > } was collected before with the same name and label values
* collected metric "upsHighPrecBatteryPackCartridgeHealth" { label:<name:"upsHighPrecBatteryCartridgeIndex" value:"1" > label:<name:"upsHighPrecBatteryPackCartridgeHealth" value:"" > label:<name:"upsHighPrecBatteryPackIndex" value:"9" > gauge:<value:1 > } was collected before with the same name and label values
* collected metric "upsHighPrecBatteryPackCartridgeStatus" { label:<name:"upsHighPrecBatteryCartridgeIndex" value:"1" > label:<name:"upsHighPrecBatteryPackCartridgeStatus" value:"" > label:<name:"upsHighPrecBatteryPackIndex" value:"11" > gauge:<value:1 > } was collected before with the same name and label values
* collected metric "upsHighPrecBatteryPackCartridgeStatus" { label:<name:"upsHighPrecBatteryCartridgeIndex" value:"1" > label:<name:"upsHighPrecBatteryPackCartridgeStatus" value:"" > label:<name:"upsHighPrecBatteryPackIndex" value:"7" > gauge:<value:1 > } was collected before with the same name and label values
* collected metric "upsHighPrecBatteryPackCartridgeReplaceDate" { label:<name:"upsHighPrecBatteryCartridgeIndex" value:"1" > label:<name:"upsHighPrecBatteryPackCartridgeReplaceDate" value:"" > label:<name:"upsHighPrecBatteryPackIndex" value:"9" > gauge:<value:1 > } was collected before with the same name and label values
* collected metric "upsHighPrecBatteryPackSerialNumber" { label:<name:"upsHighPrecBatteryCartridgeIndex" value:"1" > label:<name:"upsHighPrecBatteryPackIndex" value:"10" > label:<name:"upsHighPrecBatteryPackSerialNumber" value:"" > gauge:<value:1 > } was collected before with the same name and label values
* collected metric "upsHighPrecBatteryPackCartridgeReplaceDate" { label:<name:"upsHighPrecBatteryCartridgeIndex" value:"1" > label:<name:"upsHighPrecBatteryPackCartridgeReplaceDate" value:"" > label:<name:"upsHighPrecBatteryPackIndex" value:"2" > gauge:<value:1 > } was collected before with the same name and label values
* collected metric "upsHighPrecBatteryPackStatus" { label:<name:"upsHighPrecBatteryCartridgeIndex" value:"1" > label:<name:"upsHighPrecBatteryPackIndex" value:"6" > label:<name:"upsHighPrecBatteryPackStatus" value:"" > gauge:<value:1 > } was collected before with the same name and label values
* collected metric "upsHighPrecBatteryPackCartridgeReplaceDate" { label:<name:"upsHighPrecBatteryCartridgeIndex" value:"1" > label:<name:"upsHighPrecBatteryPackCartridgeReplaceDate" value:"" > label:<name:"upsHighPrecBatteryPackIndex" value:"4" > gauge:<value:1 > } was collected before with the same name and label values
* collected metric "upsHighPrecBatteryPackTemperature" { label:<name:"upsHighPrecBatteryCartridgeIndex" value:"1" > label:<name:"upsHighPrecBatteryPackIndex" value:"7" > gauge:<value:0 > } was collected before with the same name and label values
* collected metric "upsHighPrecBatteryPackCartridgeStatus" { label:<name:"upsHighPrecBatteryCartridgeIndex" value:"1" > label:<name:"upsHighPrecBatteryPackCartridgeStatus" value:"" > label:<name:"upsHighPrecBatteryPackIndex" value:"6" > gauge:<value:1 > } was collected before with the same name and label values
* collected metric "upsHighPrecBatteryPackIndex" { label:<name:"upsHighPrecBatteryCartridgeIndex" value:"1" > label:<name:"upsHighPrecBatteryPackIndex" value:"9" > gauge:<value:9 > } was collected before with the same name and label values
* collected metric "upsHighPrecBatteryPackFirmwareRevision" { label:<name:"upsHighPrecBatteryCartridgeIndex" value:"1" > label:<name:"upsHighPrecBatteryPackFirmwareRevision" value:"" > label:<name:"upsHighPrecBatteryPackIndex" value:"10" > gauge:<value:1 > } was collected before with the same name and label values
* collected metric "upsHighPrecBatteryPackCartridgeInstallDate" { label:<name:"upsHighPrecBatteryCartridgeIndex" value:"1" > label:<name:"upsHighPrecBatteryPackCartridgeInstallDate" value:"" > label:<name:"upsHighPrecBatteryPackIndex" value:"9" > gauge:<value:1 > } was collected before with the same name and label values
* collected metric "upsHighPrecBatteryPackIndex" { label:<name:"upsHighPrecBatteryCartridgeIndex" value:"1" > label:<name:"upsHighPrecBatteryPackIndex" value:"8" > gauge:<value:8 > } was collected before with the same name and label values
* collected metric "upsHighPrecBatteryPackSerialNumber" { label:<name:"upsHighPrecBatteryCartridgeIndex" value:"1" > label:<name:"upsHighPrecBatteryPackIndex" value:"4" > label:<name:"upsHighPrecBatteryPackSerialNumber" value:"" > gauge:<value:1 > } was collected before with the same name and label values
* collected metric "upsHighPrecBatteryPackCartridgeHealth" { label:<name:"upsHighPrecBatteryCartridgeIndex" value:"1" > label:<name:"upsHighPrecBatteryPackCartridgeHealth" value:"" > label:<name:"upsHighPrecBatteryPackIndex" value:"5" > gauge:<value:1 > } was collected before with the same name and label values
* collected metric "upsHighPrecBatteryPackCartridgeHealth" { label:<name:"upsHighPrecBatteryCartridgeIndex" value:"1" > label:<name:"upsHighPrecBatteryPackCartridgeHealth" value:"" > label:<name:"upsHighPrecBatteryPackIndex" value:"2" > gauge:<value:1 > } was collected before with the same name and label values
* collected metric "upsHighPrecBatteryPackTemperature" { label:<name:"upsHighPrecBatteryCartridgeIndex" value:"1" > label:<name:"upsHighPrecBatteryPackIndex" value:"4" > gauge:<value:0 > } was collected before with the same name and label values
* collected metric "upsHighPrecBatteryPackTemperature" { label:<name:"upsHighPrecBatteryCartridgeIndex" value:"1" > label:<name:"upsHighPrecBatteryPackIndex" value:"8" > gauge:<value:0 > } was collected before with the same name and label values
* collected metric "upsHighPrecBatteryPackCartridgeInstallDate" { label:<name:"upsHighPrecBatteryCartridgeIndex" value:"1" > label:<name:"upsHighPrecBatteryPackCartridgeInstallDate" value:"" > label:<name:"upsHighPrecBatteryPackIndex" value:"6" > gauge:<value:1 > } was collected before with the same name and label values
* collected metric "upsHighPrecBatteryPackSerialNumber" { label:<name:"upsHighPrecBatteryCartridgeIndex" value:"1" > label:<name:"upsHighPrecBatteryPackIndex" value:"6" > label:<name:"upsHighPrecBatteryPackSerialNumber" value:"" > gauge:<value:1 > } was collected before with the same name and label values
* collected metric "upsHighPrecBatteryPackCartridgeStatus" { label:<name:"upsHighPrecBatteryCartridgeIndex" value:"1" > label:<name:"upsHighPrecBatteryPackCartridgeStatus" value:"" > label:<name:"upsHighPrecBatteryPackIndex" value:"5" > gauge:<value:1 > } was collected before with the same name and label values
* collected metric "upsHighPrecBatteryPackCartridgeReplaceDate" { label:<name:"upsHighPrecBatteryCartridgeIndex" value:"1" > label:<name:"upsHighPrecBatteryPackCartridgeReplaceDate" value:"" > label:<name:"upsHighPrecBatteryPackIndex" value:"7" > gauge:<value:1 > } was collected before with the same name and label values
* collected metric "upsHighPrecBatteryCartridgeIndex" { label:<name:"upsHighPrecBatteryCartridgeIndex" value:"1" > label:<name:"upsHighPrecBatteryPackIndex" value:"6" > gauge:<value:2 > } was collected before with the same name and label values
* collected metric "upsHighPrecBatteryPackSerialNumber" { label:<name:"upsHighPrecBatteryCartridgeIndex" value:"1" > label:<name:"upsHighPrecBatteryPackIndex" value:"7" > label:<name:"upsHighPrecBatteryPackSerialNumber" value:"" > gauge:<value:1 > } was collected before with the same name and label values
* collected metric "upsHighPrecBatteryPackStatus" { label:<name:"upsHighPrecBatteryCartridgeIndex" value:"1" > label:<name:"upsHighPrecBatteryPackIndex" value:"4" > label:<name:"upsHighPrecBatteryPackStatus" value:"" > gauge:<value:1 > } was collected before with the same name and label values
* collected metric "upsHighPrecBatteryPackIndex" { label:<name:"upsHighPrecBatteryCartridgeIndex" value:"1" > label:<name:"upsHighPrecBatteryPackIndex" value:"11" > gauge:<value:11 > } was collected before with the same name and label values
* collected metric "upsHighPrecBatteryCartridgeIndex" { label:<name:"upsHighPrecBatteryCartridgeIndex" value:"1" > label:<name:"upsHighPrecBatteryPackIndex" value:"8" > gauge:<value:2 > } was collected before with the same name and label values
* collected metric "upsHighPrecBatteryPackSerialNumber" { label:<name:"upsHighPrecBatteryCartridgeIndex" value:"1" > label:<name:"upsHighPrecBatteryPackIndex" value:"11" > label:<name:"upsHighPrecBatteryPackSerialNumber" value:"" > gauge:<value:1 > } was collected before with the same name and label values
* collected metric "upsHighPrecBatteryCartridgeIndex" { label:<name:"upsHighPrecBatteryCartridgeIndex" value:"1" > label:<name:"upsHighPrecBatteryPackIndex" value:"7" > gauge:<value:1 > } was collected before with the same name and label values
* collected metric "upsHighPrecBatteryPackStatus" { label:<name:"upsHighPrecBatteryCartridgeIndex" value:"1" > label:<name:"upsHighPrecBatteryPackIndex" value:"7" > label:<name:"upsHighPrecBatteryPackStatus" value:"" > gauge:<value:1 > } was collected before with the same name and label values
* collected metric "upsHighPrecBatteryPackCartridgeHealth" { label:<name:"upsHighPrecBatteryCartridgeIndex" value:"1" > label:<name:"upsHighPrecBatteryPackCartridgeHealth" value:"" > label:<name:"upsHighPrecBatteryPackIndex" value:"3" > gauge:<value:1 > } was collected before with the same name and label values
* collected metric "upsHighPrecBatteryPackFirmwareRevision" { label:<name:"upsHighPrecBatteryCartridgeIndex" value:"1" > label:<name:"upsHighPrecBatteryPackFirmwareRevision" value:"" > label:<name:"upsHighPrecBatteryPackIndex" value:"11" > gauge:<value:1 > } was collected before with the same name and label values
* collected metric "upsHighPrecBatteryPackTemperature" { label:<name:"upsHighPrecBatteryCartridgeIndex" value:"1" > label:<name:"upsHighPrecBatteryPackIndex" value:"2" > gauge:<value:0 > } was collected before with the same name and label values
* collected metric "upsHighPrecBatteryPackStatus" { label:<name:"upsHighPrecBatteryCartridgeIndex" value:"1" > label:<name:"upsHighPrecBatteryPackIndex" value:"5" > label:<name:"upsHighPrecBatteryPackStatus" value:"" > gauge:<value:1 > } was collected before with the same name and label values
* collected metric "upsHighPrecBatteryCartridgeIndex" { label:<name:"upsHighPrecBatteryCartridgeIndex" value:"1" > label:<name:"upsHighPrecBatteryPackIndex" value:"1" > gauge:<value:2 > } was collected before with the same name and label values
* collected metric "upsHighPrecBatteryPackFirmwareRevision" { label:<name:"upsHighPrecBatteryCartridgeIndex" value:"1" > label:<name:"upsHighPrecBatteryPackFirmwareRevision" value:"" > label:<name:"upsHighPrecBatteryPackIndex" value:"6" > gauge:<value:1 > } was collected before with the same name and label values
* collected metric "upsHighPrecBatteryPackIndex" { label:<name:"upsHighPrecBatteryCartridgeIndex" value:"1" > label:<name:"upsHighPrecBatteryPackIndex" value:"3" > gauge:<value:3 > } was collected before with the same name and label values
* collected metric "upsHighPrecBatteryCartridgeIndex" { label:<name:"upsHighPrecBatteryCartridgeIndex" value:"1" > label:<name:"upsHighPrecBatteryPackIndex" value:"4" > gauge:<value:1 > } was collected before with the same name and label values
* collected metric "upsHighPrecBatteryCartridgeIndex" { label:<name:"upsHighPrecBatteryCartridgeIndex" value:"1" > label:<name:"upsHighPrecBatteryPackIndex" value:"10" > gauge:<value:2 > } was collected before with the same name and label values
* collected metric "upsHighPrecBatteryPackFirmwareRevision" { label:<name:"upsHighPrecBatteryCartridgeIndex" value:"1" > label:<name:"upsHighPrecBatteryPackFirmwareRevision" value:"" > label:<name:"upsHighPrecBatteryPackIndex" value:"8" > gauge:<value:1 > } was collected before with the same name and label values
* collected metric "upsHighPrecBatteryPackFirmwareRevision" { label:<name:"upsHighPrecBatteryCartridgeIndex" value:"1" > label:<name:"upsHighPrecBatteryPackFirmwareRevision" value:"" > label:<name:"upsHighPrecBatteryPackIndex" value:"3" > gauge:<value:1 > } was collected before with the same name and label values
* collected metric "upsHighPrecBatteryPackCartridgeHealth" { label:<name:"upsHighPrecBatteryCartridgeIndex" value:"1" > label:<name:"upsHighPrecBatteryPackCartridgeHealth" value:"" > label:<name:"upsHighPrecBatteryPackIndex" value:"4" > gauge:<value:1 > } was collected before with the same name and label values
* collected metric "upsHighPrecBatteryPackCartridgeReplaceDate" { label:<name:"upsHighPrecBatteryCartridgeIndex" value:"1" > label:<name:"upsHighPrecBatteryPackCartridgeReplaceDate" value:"" > label:<name:"upsHighPrecBatteryPackIndex" value:"5" > gauge:<value:1 > } was collected before with the same name and label values
* collected metric "upsHighPrecBatteryCartridgeIndex" { label:<name:"upsHighPrecBatteryCartridgeIndex" value:"1" > label:<name:"upsHighPrecBatteryPackIndex" value:"11" > gauge:<value:1 > } was collected before with the same name and label values
* collected metric "upsHighPrecBatteryPackStatus" { label:<name:"upsHighPrecBatteryCartridgeIndex" value:"1" > label:<name:"upsHighPrecBatteryPackIndex" value:"8" > label:<name:"upsHighPrecBatteryPackStatus" value:"" > gauge:<value:1 > } was collected before with the same name and label values
* collected metric "upsHighPrecBatteryPackIndex" { label:<name:"upsHighPrecBatteryCartridgeIndex" value:"1" > label:<name:"upsHighPrecBatteryPackIndex" value:"1" > gauge:<value:1 > } was collected before with the same name and label values
* collected metric "upsHighPrecBatteryPackStatus" { label:<name:"upsHighPrecBatteryCartridgeIndex" value:"1" > label:<name:"upsHighPrecBatteryPackIndex" value:"1" > label:<name:"upsHighPrecBatteryPackStatus" value:"" > gauge:<value:1 > } was collected before with the same name and label values
* collected metric "upsHighPrecBatteryPackCartridgeReplaceDate" { label:<name:"upsHighPrecBatteryCartridgeIndex" value:"1" > label:<name:"upsHighPrecBatteryPackCartridgeReplaceDate" value:"" > label:<name:"upsHighPrecBatteryPackIndex" value:"11" > gauge:<value:1 > } was collected before with the same name and label values
* collected metric "upsHighPrecBatteryPackFirmwareRevision" { label:<name:"upsHighPrecBatteryCartridgeIndex" value:"1" > label:<name:"upsHighPrecBatteryPackFirmwareRevision" value:"" > label:<name:"upsHighPrecBatteryPackIndex" value:"5" > gauge:<value:1 > } was collected before with the same name and label values
* collected metric "upsHighPrecBatteryCartridgeIndex" { label:<name:"upsHighPrecBatteryCartridgeIndex" value:"1" > label:<name:"upsHighPrecBatteryPackIndex" value:"5" > gauge:<value:1 > } was collected before with the same name and label values
* collected metric "upsHighPrecBatteryPackFirmwareRevision" { label:<name:"upsHighPrecBatteryCartridgeIndex" value:"1" > label:<name:"upsHighPrecBatteryPackFirmwareRevision" value:"" > label:<name:"upsHighPrecBatteryPackIndex" value:"7" > gauge:<value:1 > } was collected before with the same name and label values
* collected metric "upsHighPrecBatteryPackFirmwareRevision" { label:<name:"upsHighPrecBatteryCartridgeIndex" value:"1" > label:<name:"upsHighPrecBatteryPackFirmwareRevision" value:"" > label:<name:"upsHighPrecBatteryPackIndex" value:"2" > gauge:<value:1 > } was collected before with the same name and label values
* collected metric "upsHighPrecBatteryPackCartridgeHealth" { label:<name:"upsHighPrecBatteryCartridgeIndex" value:"1" > label:<name:"upsHighPrecBatteryPackCartridgeHealth" value:"" > label:<name:"upsHighPrecBatteryPackIndex" value:"10" > gauge:<value:1 > } was collected before with the same name and label values
* collected metric "upsHighPrecBatteryPackCartridgeReplaceDate" { label:<name:"upsHighPrecBatteryCartridgeIndex" value:"1" > label:<name:"upsHighPrecBatteryPackCartridgeReplaceDate" value:"" > label:<name:"upsHighPrecBatteryPackIndex" value:"6" > gauge:<value:1 > } was collected before with the same name and label values
* collected metric "upsHighPrecBatteryPackCartridgeInstallDate" { label:<name:"upsHighPrecBatteryCartridgeIndex" value:"1" > label:<name:"upsHighPrecBatteryPackCartridgeInstallDate" value:"" > label:<name:"upsHighPrecBatteryPackIndex" value:"5" > gauge:<value:1 > } was collected before with the same name and label values
* collected metric "upsHighPrecBatteryPackCartridgeStatus" { label:<name:"upsHighPrecBatteryCartridgeIndex" value:"1" > label:<name:"upsHighPrecBatteryPackCartridgeStatus" value:"0x30303030303030303030303030303030" > label:<name:"upsHighPrecBatteryPackIndex" value:"1" > gauge:<value:1 > } was collected before with the same name and label values
* collected metric "upsHighPrecBatteryPackTemperature" { label:<name:"upsHighPrecBatteryCartridgeIndex" value:"1" > label:<name:"upsHighPrecBatteryPackIndex" value:"5" > gauge:<value:0 > } was collected before with the same name and label values
* collected metric "upsHighPrecBatteryPackCartridgeReplaceDate" { label:<name:"upsHighPrecBatteryCartridgeIndex" value:"1" > label:<name:"upsHighPrecBatteryPackCartridgeReplaceDate" value:"" > label:<name:"upsHighPrecBatteryPackIndex" value:"3" > gauge:<value:1 > } was collected before with the same name and label values
* collected metric "upsHighPrecBatteryPackIndex" { label:<name:"upsHighPrecBatteryCartridgeIndex" value:"1" > label:<name:"upsHighPrecBatteryPackIndex" value:"5" > gauge:<value:5 > } was collected before with the same name and label values
* collected metric "upsHighPrecBatteryCartridgeIndex" { label:<name:"upsHighPrecBatteryCartridgeIndex" value:"1" > label:<name:"upsHighPrecBatteryPackIndex" value:"2" > gauge:<value:1 > } was collected before with the same name and label values
* collected metric "upsHighPrecBatteryPackCartridgeReplaceDate" { label:<name:"upsHighPrecBatteryCartridgeIndex" value:"1" > label:<name:"upsHighPrecBatteryPackCartridgeReplaceDate" value:"" > label:<name:"upsHighPrecBatteryPackIndex" value:"8" > gauge:<value:1 > } was collected before with the same name and label values
* collected metric "upsHighPrecBatteryPackStatus" { label:<name:"upsHighPrecBatteryCartridgeIndex" value:"1" > label:<name:"upsHighPrecBatteryPackIndex" value:"10" > label:<name:"upsHighPrecBatteryPackStatus" value:"" > gauge:<value:1 > } was collected before with the same name and label values
* collected metric "upsHighPrecBatteryPackSerialNumber" { label:<name:"upsHighPrecBatteryCartridgeIndex" value:"1" > label:<name:"upsHighPrecBatteryPackIndex" value:"2" > label:<name:"upsHighPrecBatteryPackSerialNumber" value:"" > gauge:<value:1 > } was collected before with the same name and label values
* collected metric "upsHighPrecBatteryPackTemperature" { label:<name:"upsHighPrecBatteryCartridgeIndex" value:"1" > label:<name:"upsHighPrecBatteryPackIndex" value:"6" > gauge:<value:0 > } was collected before with the same name and label values
* collected metric "upsHighPrecBatteryPackCartridgeInstallDate" { label:<name:"upsHighPrecBatteryCartridgeIndex" value:"1" > label:<name:"upsHighPrecBatteryPackCartridgeInstallDate" value:"" > label:<name:"upsHighPrecBatteryPackIndex" value:"4" > gauge:<value:1 > } was collected before with the same name and label values
* collected metric "upsHighPrecBatteryPackCartridgeInstallDate" { label:<name:"upsHighPrecBatteryCartridgeIndex" value:"1" > label:<name:"upsHighPrecBatteryPackCartridgeInstallDate" value:"" > label:<name:"upsHighPrecBatteryPackIndex" value:"7" > gauge:<value:1 > } was collected before with the same name and label values
* collected metric "upsHighPrecBatteryPackCartridgeStatus" { label:<name:"upsHighPrecBatteryCartridgeIndex" value:"1" > label:<name:"upsHighPrecBatteryPackCartridgeStatus" value:"" > label:<name:"upsHighPrecBatteryPackIndex" value:"3" > gauge:<value:1 > } was collected before with the same name and label values
* collected metric "upsHighPrecBatteryPackStatus" { label:<name:"upsHighPrecBatteryCartridgeIndex" value:"1" > label:<name:"upsHighPrecBatteryPackIndex" value:"2" > label:<name:"upsHighPrecBatteryPackStatus" value:"" > gauge:<value:1 > } was collected before with the same name and label values
* collected metric "upsHighPrecBatteryPackCartridgeReplaceDate" { label:<name:"upsHighPrecBatteryCartridgeIndex" value:"1" > label:<name:"upsHighPrecBatteryPackCartridgeReplaceDate" value:"" > label:<name:"upsHighPrecBatteryPackIndex" value:"10" > gauge:<value:1 > } was collected before with the same name and label values
* collected metric "upsHighPrecBatteryPackCartridgeInstallDate" { label:<name:"upsHighPrecBatteryCartridgeIndex" value:"1" > label:<name:"upsHighPrecBatteryPackCartridgeInstallDate" value:"" > label:<name:"upsHighPrecBatteryPackIndex" value:"2" > gauge:<value:1 > } was collected before with the same name and label values
* collected metric "upsHighPrecBatteryPackCartridgeInstallDate" { label:<name:"upsHighPrecBatteryCartridgeIndex" value:"1" > label:<name:"upsHighPrecBatteryPackCartridgeInstallDate" value:"" > label:<name:"upsHighPrecBatteryPackIndex" value:"11" > gauge:<value:1 > } was collected before with the same name and label values
* collected metric "upsHighPrecBatteryPackCartridgeHealth" { label:<name:"upsHighPrecBatteryCartridgeIndex" value:"1" > label:<name:"upsHighPrecBatteryPackCartridgeHealth" value:"" > label:<name:"upsHighPrecBatteryPackIndex" value:"7" > gauge:<value:1 > } was collected before with the same name and label values
* collected metric "upsHighPrecBatteryPackCartridgeStatus" { label:<name:"upsHighPrecBatteryCartridgeIndex" value:"1" > label:<name:"upsHighPrecBatteryPackCartridgeStatus" value:"" > label:<name:"upsHighPrecBatteryPackIndex" value:"4" > gauge:<value:1 > } was collected before with the same name and label values
* collected metric "upsHighPrecBatteryCartridgeIndex" { label:<name:"upsHighPrecBatteryCartridgeIndex" value:"1" > label:<name:"upsHighPrecBatteryPackIndex" value:"3" > gauge:<value:2 > } was collected before with the same name and label values
* collected metric "upsHighPrecBatteryPackCartridgeInstallDate" { label:<name:"upsHighPrecBatteryCartridgeIndex" value:"1" > label:<name:"upsHighPrecBatteryPackCartridgeInstallDate" value:"" > label:<name:"upsHighPrecBatteryPackIndex" value:"10" > gauge:<value:1 > } was collected before with the same name and label values
* collected metric "upsHighPrecBatteryPackCartridgeStatus" { label:<name:"upsHighPrecBatteryCartridgeIndex" value:"1" > label:<name:"upsHighPrecBatteryPackCartridgeStatus" value:"" > label:<name:"upsHighPrecBatteryPackIndex" value:"9" > gauge:<value:1 > } was collected before with the same name and label values
* collected metric "upsHighPrecBatteryPackIndex" { label:<name:"upsHighPrecBatteryCartridgeIndex" value:"1" > label:<name:"upsHighPrecBatteryPackIndex" value:"4" > gauge:<value:4 > } was collected before with the same name and label values
* collected metric "upsHighPrecBatteryPackSerialNumber" { label:<name:"upsHighPrecBatteryCartridgeIndex" value:"1" > label:<name:"upsHighPrecBatteryPackIndex" value:"1" > label:<name:"upsHighPrecBatteryPackSerialNumber" value:"7A1929L46194    " > gauge:<value:1 > } was collected before with the same name and label values
* collected metric "upsHighPrecBatteryPackSerialNumber" { label:<name:"upsHighPrecBatteryCartridgeIndex" value:"1" > label:<name:"upsHighPrecBatteryPackIndex" value:"8" > label:<name:"upsHighPrecBatteryPackSerialNumber" value:"" > gauge:<value:1 > } was collected before with the same name and label values
* collected metric "upsHighPrecBatteryPackTemperature" { label:<name:"upsHighPrecBatteryCartridgeIndex" value:"1" > label:<name:"upsHighPrecBatteryPackIndex" value:"10" > gauge:<value:0 > } was collected before with the same name and label values
* collected metric "upsHighPrecBatteryPackFirmwareRevision" { label:<name:"upsHighPrecBatteryCartridgeIndex" value:"1" > label:<name:"upsHighPrecBatteryPackFirmwareRevision" value:"" > label:<name:"upsHighPrecBatteryPackIndex" value:"4" > gauge:<value:1 > } was collected before with the same name and label values
* collected metric "upsHighPrecBatteryPackCartridgeInstallDate" { label:<name:"upsHighPrecBatteryCartridgeIndex" value:"1" > label:<name:"upsHighPrecBatteryPackCartridgeInstallDate" value:"" > label:<name:"upsHighPrecBatteryPackIndex" value:"3" > gauge:<value:1 > } was collected before with the same name and label values
* collected metric "upsHighPrecBatteryPackCartridgeStatus" { label:<name:"upsHighPrecBatteryCartridgeIndex" value:"1" > label:<name:"upsHighPrecBatteryPackCartridgeStatus" value:"" > label:<name:"upsHighPrecBatteryPackIndex" value:"10" > gauge:<value:1 > } was collected before with the same name and label values
* collected metric "upsHighPrecBatteryPackFirmwareRevision" { label:<name:"upsHighPrecBatteryCartridgeIndex" value:"1" > label:<name:"upsHighPrecBatteryPackFirmwareRevision" value:"BMC 13.1" > label:<name:"upsHighPrecBatteryPackIndex" value:"1" > gauge:<value:1 > } was collected before with the same name and label values
* collected metric "upsHighPrecBatteryPackSerialNumber" { label:<name:"upsHighPrecBatteryCartridgeIndex" value:"1" > label:<name:"upsHighPrecBatteryPackIndex" value:"9" > label:<name:"upsHighPrecBatteryPackSerialNumber" value:"" > gauge:<value:1 > } was collected before with the same name and label values
* collected metric "upsHighPrecBatteryPackTemperature" { label:<name:"upsHighPrecBatteryCartridgeIndex" value:"1" > label:<name:"upsHighPrecBatteryPackIndex" value:"11" > gauge:<value:0 > } was collected before with the same name and label values
* collected metric "upsHighPrecBatteryPackCartridgeStatus" { label:<name:"upsHighPrecBatteryCartridgeIndex" value:"1" > label:<name:"upsHighPrecBatteryPackCartridgeStatus" value:"" > label:<name:"upsHighPrecBatteryPackIndex" value:"2" > gauge:<value:1 > } was collected before with the same name and label values
* collected metric "upsHighPrecBatteryPackCartridgeHealth" { label:<name:"upsHighPrecBatteryCartridgeIndex" value:"1" > label:<name:"upsHighPrecBatteryPackCartridgeHealth" value:"" > label:<name:"upsHighPrecBatteryPackIndex" value:"11" > gauge:<value:1 > } was collected before with the same name and label values
* collected metric "upsHighPrecBatteryPackStatus" { label:<name:"upsHighPrecBatteryCartridgeIndex" value:"1" > label:<name:"upsHighPrecBatteryPackIndex" value:"11" > label:<name:"upsHighPrecBatteryPackStatus" value:"" > gauge:<value:1 > } was collected before with the same name and label values
* collected metric "upsHighPrecBatteryCartridgeIndex" { label:<name:"upsHighPrecBatteryCartridgeIndex" value:"1" > label:<name:"upsHighPrecBatteryPackIndex" value:"9" > gauge:<value:1 > } was collected before with the same name and label values
* collected metric "upsHighPrecBatteryPackTemperature" { label:<name:"upsHighPrecBatteryCartridgeIndex" value:"1" > label:<name:"upsHighPrecBatteryPackIndex" value:"9" > gauge:<value:0 > } was collected before with the same name and label values
* collected metric "upsHighPrecBatteryPackIndex" { label:<name:"upsHighPrecBatteryCartridgeIndex" value:"1" > label:<name:"upsHighPrecBatteryPackIndex" value:"2" > gauge:<value:2 > } was collected before with the same name and label values
* collected metric "upsHighPrecBatteryPackIndex" { label:<name:"upsHighPrecBatteryCartridgeIndex" value:"1" > label:<name:"upsHighPrecBatteryPackIndex" value:"6" > gauge:<value:6 > } was collected before with the same name and label values
* collected metric "upsHighPrecBatteryPackSerialNumber" { label:<name:"upsHighPrecBatteryCartridgeIndex" value:"1" > label:<name:"upsHighPrecBatteryPackIndex" value:"5" > label:<name:"upsHighPrecBatteryPackSerialNumber" value:"" > gauge:<value:1 > } was collected before with the same name and label values
* collected metric "upsHighPrecBatteryPackTemperature" { label:<name:"upsHighPrecBatteryCartridgeIndex" value:"1" > label:<name:"upsHighPrecBatteryPackIndex" value:"1" > gauge:<value:300 > } was collected before with the same name and label values
* collected metric "upsHighPrecBatteryPackIndex" { label:<name:"upsHighPrecBatteryCartridgeIndex" value:"1" > label:<name:"upsHighPrecBatteryPackIndex" value:"10" > gauge:<value:10 > } was collected before with the same name and label values
* collected metric "upsHighPrecBatteryPackSerialNumber" { label:<name:"upsHighPrecBatteryCartridgeIndex" value:"1" > label:<name:"upsHighPrecBatteryPackIndex" value:"3" > label:<name:"upsHighPrecBatteryPackSerialNumber" value:"" > gauge:<value:1 > } was collected before with the same name and label values
* collected metric "upsHighPrecBatteryPackCartridgeHealth" { label:<name:"upsHighPrecBatteryCartridgeIndex" value:"1" > label:<name:"upsHighPrecBatteryPackCartridgeHealth" value:"" > label:<name:"upsHighPrecBatteryPackIndex" value:"6" > gauge:<value:1 > } was collected before with the same name and label values
* collected metric "upsHighPrecBatteryPackCartridgeInstallDate" { label:<name:"upsHighPrecBatteryCartridgeIndex" value:"1" > label:<name:"upsHighPrecBatteryPackCartridgeInstallDate" value:"" > label:<name:"upsHighPrecBatteryPackIndex" value:"8" > gauge:<value:1 > } was collected before with the same name and label values
* collected metric "upsHighPrecBatteryPackStatus" { label:<name:"upsHighPrecBatteryCartridgeIndex" value:"1" > label:<name:"upsHighPrecBatteryPackIndex" value:"9" > label:<name:"upsHighPrecBatteryPackStatus" value:"" > gauge:<value:1 > } was collected before with the same name and label values
* collected metric "upsHighPrecBatteryPackStatus" { label:<name:"upsHighPrecBatteryCartridgeIndex" value:"1" > label:<name:"upsHighPrecBatteryPackIndex" value:"3" > label:<name:"upsHighPrecBatteryPackStatus" value:"" > gauge:<value:1 > } was collected before with the same name and label values
* collected metric "upsHighPrecBatteryPackTemperature" { label:<name:"upsHighPrecBatteryCartridgeIndex" value:"1" > label:<name:"upsHighPrecBatteryPackIndex" value:"3" > gauge:<value:0 > } was collected before with the same name and label values
* collected metric "upsHighPrecBatteryPackCartridgeHealth" { label:<name:"upsHighPrecBatteryCartridgeIndex" value:"1" > label:<name:"upsHighPrecBatteryPackCartridgeHealth" value:"" > label:<name:"upsHighPrecBatteryPackIndex" value:"8" > gauge:<value:1 > } was collected before with the same name and label values
