iso.3.6.1.2.1.1.1.0 = STRING: "APC Web/SNMP Management Card (MB:v4.1.0 PF:v6.4.0 PN:apc_hw05_aos_640.bin AF1:v6.4.0 AN1:apc_hw05_sumx_640.bin MN:AP9630 HR:05 SN: ZA1217004651 MD:04/17/2012) (Embedded PowerNet SNMP Agent SW v2.2 compatible)"
iso.3.6.1.2.1.1.2.0 = OID: iso.3.6.1.4.1.318.1.3.2.7
iso.3.6.1.2.1.1.3.0 = Timeticks: (493059350) 57 days, 1:36:33.50
iso.3.6.1.2.1.1.4.0 = STRING: "+7(921) 314-14-78 Aleksandr Koshelev"
iso.3.6.1.2.1.1.5.0 = STRING: "OSA-Sitronics-KT-Smart-UPS-5000"
iso.3.6.1.2.1.1.6.0 = STRING: "Saint-Petersburg, mounted on a tower Raskat, RosmorPort"
iso.3.6.1.2.1.1.7.0 = INTEGER: 72
iso.3.6.1.2.1.1.8.0 = Timeticks: (0) 0:00:00.00
iso.3.6.1.2.1.1.9.1.2.1 = OID: iso.3.6.1.6.3.1
iso.3.6.1.2.1.1.9.1.2.2 = OID: iso.3.6.1.6.3.10.3.1.1
iso.3.6.1.2.1.1.9.1.2.3 = OID: iso.3.6.1.6.3.11.3.1.1
iso.3.6.1.2.1.1.9.1.2.4 = OID: iso.3.6.1.6.3.15.2.1.1
iso.3.6.1.2.1.1.9.1.2.5 = OID: iso.3.6.1.6.3.16.2.1.1
iso.3.6.1.2.1.1.9.1.3.1 = STRING: "The MIB Module from SNMPv2 entities"
iso.3.6.1.2.1.1.9.1.3.2 = STRING: "SNMP Management Architecture MIB"
iso.3.6.1.2.1.1.9.1.3.3 = STRING: "Message Processing and Dispatching MIB"
iso.3.6.1.2.1.1.9.1.3.4 = STRING: "USM User MIB"
iso.3.6.1.2.1.1.9.1.3.5 = STRING: "VACM MIB"
iso.3.6.1.2.1.1.9.1.4.1 = Timeticks: (0) 0:00:00.00
iso.3.6.1.2.1.1.9.1.4.2 = Timeticks: (0) 0:00:00.00
iso.3.6.1.2.1.1.9.1.4.3 = Timeticks: (0) 0:00:00.00
iso.3.6.1.2.1.1.9.1.4.4 = Timeticks: (0) 0:00:00.00
iso.3.6.1.2.1.1.9.1.4.5 = Timeticks: (0) 0:00:00.00
iso.3.6.1.2.1.2.1.0 = INTEGER: 2
iso.3.6.1.2.1.2.2.1.1.1 = INTEGER: 1
iso.3.6.1.2.1.2.2.1.1.2 = INTEGER: 2
iso.3.6.1.2.1.2.2.1.2.1 = STRING: "LOOPBACK"
iso.3.6.1.2.1.2.2.1.2.2 = STRING: "vmac0"
iso.3.6.1.2.1.2.2.1.3.1 = INTEGER: 24
iso.3.6.1.2.1.2.2.1.3.2 = INTEGER: 6
iso.3.6.1.2.1.2.2.1.4.1 = INTEGER: 1500
iso.3.6.1.2.1.2.2.1.4.2 = INTEGER: 1500
iso.3.6.1.2.1.2.2.1.5.1 = Gauge32: 0
iso.3.6.1.2.1.2.2.1.5.2 = Gauge32: 100000000
iso.3.6.1.2.1.2.2.1.6.1 = ""
iso.3.6.1.2.1.2.2.1.6.2 = Hex-STRING: 00 C0 B7 94 4D F4 
iso.3.6.1.2.1.2.2.1.7.1 = INTEGER: 1
iso.3.6.1.2.1.2.2.1.7.2 = INTEGER: 1
iso.3.6.1.2.1.2.2.1.8.1 = INTEGER: 1
iso.3.6.1.2.1.2.2.1.8.2 = INTEGER: 1
iso.3.6.1.2.1.2.2.1.9.1 = Timeticks: (0) 0:00:00.00
iso.3.6.1.2.1.2.2.1.9.2 = Timeticks: (7115915) 19:45:59.15
iso.3.6.1.2.1.2.2.1.10.1 = Counter32: 0
iso.3.6.1.2.1.2.2.1.10.2 = Counter32: 514143509
iso.3.6.1.2.1.2.2.1.11.1 = Counter32: 0
iso.3.6.1.2.1.2.2.1.11.2 = Counter32: 4450456
iso.3.6.1.2.1.2.2.1.12.1 = Counter32: 0
iso.3.6.1.2.1.2.2.1.12.2 = Counter32: 169927
iso.3.6.1.2.1.2.2.1.13.1 = Counter32: 0
iso.3.6.1.2.1.2.2.1.13.2 = Counter32: 0
iso.3.6.1.2.1.2.2.1.14.1 = Counter32: 0
iso.3.6.1.2.1.2.2.1.14.2 = Counter32: 0
iso.3.6.1.2.1.2.2.1.15.1 = Counter32: 0
iso.3.6.1.2.1.2.2.1.15.2 = Counter32: 0
iso.3.6.1.2.1.2.2.1.16.1 = Counter32: 0
iso.3.6.1.2.1.2.2.1.16.2 = Counter32: 511975938
iso.3.6.1.2.1.2.2.1.17.1 = Counter32: 0
iso.3.6.1.2.1.2.2.1.17.2 = Counter32: 4489788
iso.3.6.1.2.1.2.2.1.18.1 = Counter32: 0
iso.3.6.1.2.1.2.2.1.18.2 = Counter32: 2703
iso.3.6.1.2.1.2.2.1.19.1 = Counter32: 0
iso.3.6.1.2.1.2.2.1.19.2 = Counter32: 0
iso.3.6.1.2.1.2.2.1.20.1 = Counter32: 0
iso.3.6.1.2.1.2.2.1.20.2 = Counter32: 0
iso.3.6.1.2.1.2.2.1.21.1 = Gauge32: 0
iso.3.6.1.2.1.2.2.1.21.2 = Gauge32: 0
iso.3.6.1.2.1.2.2.1.22.1 = OID: ccitt.0
iso.3.6.1.2.1.2.2.1.22.2 = OID: ccitt.0
iso.3.6.1.2.1.3.1.1.1.2.1.172.24.98.1 = INTEGER: 2
iso.3.6.1.2.1.3.1.1.1.2.1.172.24.98.51 = INTEGER: 2
iso.3.6.1.2.1.3.1.1.2.2.1.172.24.98.1 = Hex-STRING: DC 2C 6E 55 53 3C 
iso.3.6.1.2.1.3.1.1.2.2.1.172.24.98.51 = Hex-STRING: 90 09 D0 0C 3F 95 
iso.3.6.1.2.1.3.1.1.3.2.1.172.24.98.1 = IpAddress: 172.24.98.1
iso.3.6.1.2.1.3.1.1.3.2.1.172.24.98.51 = IpAddress: 172.24.98.51
iso.3.6.1.2.1.4.1.0 = INTEGER: 2
iso.3.6.1.2.1.4.2.0 = INTEGER: 64
iso.3.6.1.2.1.4.3.0 = Counter32: 4416101
iso.3.6.1.2.1.4.4.0 = Counter32: 0
iso.3.6.1.2.1.4.5.0 = Counter32: 1351
iso.3.6.1.2.1.4.6.0 = Counter32: 0
iso.3.6.1.2.1.4.7.0 = Counter32: 0
iso.3.6.1.2.1.4.8.0 = Counter32: 0
iso.3.6.1.2.1.4.9.0 = Counter32: 4414756
iso.3.6.1.2.1.4.10.0 = Counter32: 4247087
iso.3.6.1.2.1.4.11.0 = Counter32: 0
iso.3.6.1.2.1.4.12.0 = Counter32: 2774
iso.3.6.1.2.1.4.13.0 = INTEGER: 64
iso.3.6.1.2.1.4.14.0 = Counter32: 0
iso.3.6.1.2.1.4.15.0 = Counter32: 0
iso.3.6.1.2.1.4.16.0 = Counter32: 0
iso.3.6.1.2.1.4.17.0 = Counter32: 0
iso.3.6.1.2.1.4.18.0 = Counter32: 0
iso.3.6.1.2.1.4.19.0 = Counter32: 0
iso.3.6.1.2.1.4.20.1.1.127.0.0.1 = IpAddress: 127.0.0.1
iso.3.6.1.2.1.4.20.1.1.172.24.98.6 = IpAddress: 172.24.98.6
iso.3.6.1.2.1.4.20.1.2.127.0.0.1 = INTEGER: 1
iso.3.6.1.2.1.4.20.1.2.172.24.98.6 = INTEGER: 2
iso.3.6.1.2.1.4.20.1.3.127.0.0.1 = IpAddress: 255.255.255.255
iso.3.6.1.2.1.4.20.1.3.172.24.98.6 = IpAddress: 255.255.255.128
iso.3.6.1.2.1.4.20.1.4.127.0.0.1 = INTEGER: 1
iso.3.6.1.2.1.4.20.1.4.172.24.98.6 = INTEGER: 1
iso.3.6.1.2.1.4.20.1.5.127.0.0.1 = INTEGER: 1500
iso.3.6.1.2.1.4.20.1.5.172.24.98.6 = INTEGER: 1500
iso.3.6.1.2.1.4.21.1.1.0.0.0.0 = IpAddress: 0.0.0.0
iso.3.6.1.2.1.4.21.1.1.127.0.0.1 = IpAddress: 127.0.0.1
iso.3.6.1.2.1.4.21.1.1.172.24.98.0 = IpAddress: 172.24.98.0
iso.3.6.1.2.1.4.21.1.2.0.0.0.0 = INTEGER: 2
iso.3.6.1.2.1.4.21.1.2.127.0.0.1 = INTEGER: 1
iso.3.6.1.2.1.4.21.1.2.172.24.98.0 = INTEGER: 2
iso.3.6.1.2.1.4.21.1.3.0.0.0.0 = INTEGER: 1
iso.3.6.1.2.1.4.21.1.3.127.0.0.1 = INTEGER: 0
iso.3.6.1.2.1.4.21.1.3.172.24.98.0 = INTEGER: 0
iso.3.6.1.2.1.4.21.1.4.0.0.0.0 = INTEGER: 65535
iso.3.6.1.2.1.4.21.1.4.127.0.0.1 = INTEGER: 65535
iso.3.6.1.2.1.4.21.1.4.172.24.98.0 = INTEGER: 65535
iso.3.6.1.2.1.4.21.1.5.0.0.0.0 = INTEGER: 65535
iso.3.6.1.2.1.4.21.1.5.127.0.0.1 = INTEGER: 65535
iso.3.6.1.2.1.4.21.1.5.172.24.98.0 = INTEGER: 65535
iso.3.6.1.2.1.4.21.1.6.0.0.0.0 = INTEGER: 65535
iso.3.6.1.2.1.4.21.1.6.127.0.0.1 = INTEGER: 65535
iso.3.6.1.2.1.4.21.1.6.172.24.98.0 = INTEGER: 65535
iso.3.6.1.2.1.4.21.1.7.0.0.0.0 = IpAddress: 0.0.0.0
iso.3.6.1.2.1.4.21.1.7.127.0.0.1 = IpAddress: 0.0.0.0
iso.3.6.1.2.1.4.21.1.7.172.24.98.0 = IpAddress: 0.0.0.0
iso.3.6.1.2.1.4.21.1.8.0.0.0.0 = INTEGER: 4
iso.3.6.1.2.1.4.21.1.8.127.0.0.1 = INTEGER: 3
iso.3.6.1.2.1.4.21.1.8.172.24.98.0 = INTEGER: 3
iso.3.6.1.2.1.4.21.1.9.0.0.0.0 = INTEGER: 2
iso.3.6.1.2.1.4.21.1.9.127.0.0.1 = INTEGER: 2
iso.3.6.1.2.1.4.21.1.9.172.24.98.0 = INTEGER: 2
iso.3.6.1.2.1.4.21.1.10.0.0.0.0 = INTEGER: 65535
iso.3.6.1.2.1.4.21.1.10.127.0.0.1 = INTEGER: 65535
iso.3.6.1.2.1.4.21.1.10.172.24.98.0 = INTEGER: 65535
iso.3.6.1.2.1.4.21.1.11.0.0.0.0 = IpAddress: 255.255.255.255
iso.3.6.1.2.1.4.21.1.11.127.0.0.1 = IpAddress: 255.255.255.255
iso.3.6.1.2.1.4.21.1.11.172.24.98.0 = IpAddress: 255.255.255.255
iso.3.6.1.2.1.4.21.1.12.0.0.0.0 = INTEGER: 65535
iso.3.6.1.2.1.4.21.1.12.127.0.0.1 = INTEGER: 65535
iso.3.6.1.2.1.4.21.1.12.172.24.98.0 = INTEGER: 65535
iso.3.6.1.2.1.4.21.1.13.0.0.0.0 = OID: ccitt.0
iso.3.6.1.2.1.4.21.1.13.127.0.0.1 = OID: ccitt.0
iso.3.6.1.2.1.4.21.1.13.172.24.98.0 = OID: ccitt.0
iso.3.6.1.2.1.4.22.1.1.2.172.24.98.1 = INTEGER: 2
iso.3.6.1.2.1.4.22.1.1.2.172.24.98.51 = INTEGER: 2
iso.3.6.1.2.1.4.22.1.2.2.172.24.98.1 = Hex-STRING: DC 2C 6E 55 53 3C 
iso.3.6.1.2.1.4.22.1.2.2.172.24.98.51 = Hex-STRING: 90 09 D0 0C 3F 95 
iso.3.6.1.2.1.4.22.1.3.2.172.24.98.1 = IpAddress: 172.24.98.1
iso.3.6.1.2.1.4.22.1.3.2.172.24.98.51 = IpAddress: 172.24.98.51
iso.3.6.1.2.1.4.22.1.4.2.172.24.98.1 = INTEGER: 3
iso.3.6.1.2.1.4.22.1.4.2.172.24.98.51 = INTEGER: 3
iso.3.6.1.2.1.4.23.0 = Counter32: 0
iso.3.6.1.2.1.4.28.1.2.1 = INTEGER: 1500
iso.3.6.1.2.1.4.28.1.2.2 = INTEGER: 1500
iso.3.6.1.2.1.4.28.1.3.1 = INTEGER: 1
iso.3.6.1.2.1.4.28.1.3.2 = INTEGER: 1
iso.3.6.1.2.1.4.30.1.2.1 = Gauge32: 1500
iso.3.6.1.2.1.4.30.1.2.2 = Gauge32: 1500
iso.3.6.1.2.1.4.30.1.3.1 = ""
iso.3.6.1.2.1.4.30.1.3.2 = ""
iso.3.6.1.2.1.4.30.1.4.1 = ""
iso.3.6.1.2.1.4.30.1.4.2 = Hex-STRING: 00 C0 B7 94 4D F4 
iso.3.6.1.2.1.4.30.1.5.1 = INTEGER: 1
iso.3.6.1.2.1.4.30.1.5.2 = INTEGER: 1
iso.3.6.1.2.1.4.30.1.6.1 = Gauge32: 44016
iso.3.6.1.2.1.4.30.1.6.2 = Gauge32: 35714
iso.3.6.1.2.1.4.30.1.7.1 = Gauge32: 0
iso.3.6.1.2.1.4.30.1.7.2 = Gauge32: 0
iso.3.6.1.2.1.4.31.1.1.3.1 = Counter32: 0
iso.3.6.1.2.1.4.31.1.1.3.2 = Counter32: 36
iso.3.6.1.2.1.4.31.1.1.4.1 = Counter64: 0
iso.3.6.1.2.1.4.31.1.1.4.2 = Counter64: 36
iso.3.6.1.2.1.4.31.1.1.5.1 = Counter32: 514157739
iso.3.6.1.2.1.4.31.1.1.5.2 = Counter32: 0
iso.3.6.1.2.1.4.31.1.1.6.1 = Counter64: 514157915
iso.3.6.1.2.1.4.31.1.1.6.2 = Counter64: 0
iso.3.6.1.2.1.4.31.1.1.7.1 = Counter32: 0
iso.3.6.1.2.1.4.31.1.1.7.2 = Counter32: 0
iso.3.6.1.2.1.4.31.1.1.8.1 = Counter32: 0
iso.3.6.1.2.1.4.31.1.1.8.2 = Counter32: 0
iso.3.6.1.2.1.4.31.1.1.9.1 = Counter32: 0
iso.3.6.1.2.1.4.31.1.1.9.2 = Counter32: 0
iso.3.6.1.2.1.4.31.1.1.10.1 = Counter32: 0
iso.3.6.1.2.1.4.31.1.1.10.2 = Counter32: 0
iso.3.6.1.2.1.4.31.1.1.11.1 = Counter32: 0
iso.3.6.1.2.1.4.31.1.1.11.2 = Counter32: 0
iso.3.6.1.2.1.4.31.1.1.12.1 = Counter32: 0
iso.3.6.1.2.1.4.31.1.1.12.2 = Counter32: 0
iso.3.6.1.2.1.4.31.1.1.13.1 = Counter32: 0
iso.3.6.1.2.1.4.31.1.1.13.2 = Counter32: 0
iso.3.6.1.2.1.4.31.1.1.14.1 = Counter32: 0
iso.3.6.1.2.1.4.31.1.1.14.2 = Counter32: 0
iso.3.6.1.2.1.4.31.1.1.15.1 = Counter32: 0
iso.3.6.1.2.1.4.31.1.1.15.2 = Counter32: 0
iso.3.6.1.2.1.4.31.1.1.16.1 = Counter32: 0
iso.3.6.1.2.1.4.31.1.1.16.2 = Counter32: 0
iso.3.6.1.2.1.4.31.1.1.17.1 = Counter32: 0
iso.3.6.1.2.1.4.31.1.1.17.2 = Counter32: 23
iso.3.6.1.2.1.4.31.1.1.18.1 = Counter32: 0
iso.3.6.1.2.1.4.31.1.1.18.2 = Counter32: 41103
iso.3.6.1.2.1.4.31.1.1.19.1 = Counter32: 0
iso.3.6.1.2.1.4.31.1.1.19.2 = Counter32: 0
iso.3.6.1.2.1.4.31.1.1.20.1 = Counter32: 0
iso.3.6.1.2.1.4.31.1.1.20.2 = Counter32: 0
iso.3.6.1.2.1.4.31.1.1.21.1 = Counter32: 0
iso.3.6.1.2.1.4.31.1.1.21.2 = Counter32: 0
iso.3.6.1.2.1.4.31.1.1.22.1 = Counter32: 0
iso.3.6.1.2.1.4.31.1.1.22.2 = Counter32: 0
iso.3.6.1.2.1.4.31.1.1.23.1 = Counter32: 0
iso.3.6.1.2.1.4.31.1.1.23.2 = Counter32: 0
iso.3.6.1.2.1.4.31.1.1.24.1 = Counter32: 0
iso.3.6.1.2.1.4.31.1.1.24.2 = Counter32: 0
iso.3.6.1.2.1.4.31.1.1.25.1 = Counter32: 0
iso.3.6.1.2.1.4.31.1.1.25.2 = Counter32: 0
iso.3.6.1.2.1.4.31.1.1.26.1 = Counter32: 0
iso.3.6.1.2.1.4.31.1.1.26.2 = Counter32: 0
iso.3.6.1.2.1.4.31.1.1.27.1 = Counter64: 0
iso.3.6.1.2.1.4.31.1.1.27.2 = Counter64: 0
iso.3.6.1.2.1.4.31.1.1.28.1 = Counter32: 511994148
iso.3.6.1.2.1.4.31.1.1.28.2 = Counter32: 0
iso.3.6.1.2.1.4.31.1.1.29.1 = Counter64: 511994330
iso.3.6.1.2.1.4.31.1.1.29.2 = Counter64: 0
iso.3.6.1.2.1.4.31.1.1.30.1 = Counter32: 0
iso.3.6.1.2.1.4.31.1.1.30.2 = Counter32: 23
iso.3.6.1.2.1.4.31.1.1.31.1 = Counter64: 0
iso.3.6.1.2.1.4.31.1.1.31.2 = Counter64: 23
iso.3.6.1.2.1.4.31.1.1.32.1 = Counter32: 0
iso.3.6.1.2.1.4.31.1.1.32.2 = Counter32: 0
iso.3.6.1.2.1.4.31.1.1.33.1 = Counter64: 0
iso.3.6.1.2.1.4.31.1.1.33.2 = Counter64: 0
iso.3.6.1.2.1.4.31.1.1.34.1 = Counter32: 0
iso.3.6.1.2.1.4.31.1.1.34.2 = Counter32: 41103
iso.3.6.1.2.1.4.31.1.1.35.1 = Counter64: 0
iso.3.6.1.2.1.4.31.1.1.35.2 = Counter64: 41103
iso.3.6.1.2.1.4.31.1.1.36.1 = Counter32: 0
iso.3.6.1.2.1.4.31.1.1.36.2 = Counter32: 0
iso.3.6.1.2.1.4.31.1.1.37.1 = Counter64: 0
iso.3.6.1.2.1.4.31.1.1.37.2 = Counter64: 0
iso.3.6.1.2.1.4.31.1.1.38.1 = Counter32: 169928
iso.3.6.1.2.1.4.31.1.1.38.2 = Counter32: 0
iso.3.6.1.2.1.4.31.1.1.39.1 = Counter64: 169928
iso.3.6.1.2.1.4.31.1.1.39.2 = Counter64: 0
iso.3.6.1.2.1.4.31.1.1.40.1 = Counter32: 2703
iso.3.6.1.2.1.4.31.1.1.40.2 = Counter32: 0
iso.3.6.1.2.1.4.31.1.1.41.1 = Counter64: 2703
iso.3.6.1.2.1.4.31.1.1.41.2 = Counter64: 0
iso.3.6.1.2.1.4.31.1.1.42.1 = Timeticks: (0) 0:00:00.00
iso.3.6.1.2.1.4.31.1.1.42.2 = Timeticks: (0) 0:00:00.00
iso.3.6.1.2.1.4.31.1.1.43.1 = Gauge32: 0
iso.3.6.1.2.1.4.31.1.1.43.2 = Gauge32: 0
iso.3.6.1.2.1.4.31.3.1.3.1.1 = Counter32: 0
iso.3.6.1.2.1.4.31.3.1.3.1.2 = Counter32: 0
iso.3.6.1.2.1.4.31.3.1.3.2.1 = Counter32: 0
iso.3.6.1.2.1.4.31.3.1.3.2.2 = Counter32: 36
iso.3.6.1.2.1.4.31.3.1.4.1.1 = Counter64: 0
iso.3.6.1.2.1.4.31.3.1.4.1.2 = Counter64: 0
iso.3.6.1.2.1.4.31.3.1.4.2.1 = Counter64: 0
iso.3.6.1.2.1.4.31.3.1.4.2.2 = Counter64: 36
iso.3.6.1.2.1.4.31.3.1.5.1.1 = Counter32: 0
iso.3.6.1.2.1.4.31.3.1.5.1.2 = Counter32: 514166054
iso.3.6.1.2.1.4.31.3.1.5.2.1 = Counter32: 0
iso.3.6.1.2.1.4.31.3.1.5.2.2 = Counter32: 0
iso.3.6.1.2.1.4.31.3.1.6.1.1 = Counter64: 0
iso.3.6.1.2.1.4.31.3.1.6.1.2 = Counter64: 514166410
iso.3.6.1.2.1.4.31.3.1.6.2.1 = Counter64: 0
iso.3.6.1.2.1.4.31.3.1.6.2.2 = Counter64: 0
iso.3.6.1.2.1.4.31.3.1.7.1.1 = Counter32: 0
iso.3.6.1.2.1.4.31.3.1.7.1.2 = Counter32: 0
iso.3.6.1.2.1.4.31.3.1.7.2.1 = Counter32: 0
iso.3.6.1.2.1.4.31.3.1.7.2.2 = Counter32: 0
iso.3.6.1.2.1.4.31.3.1.8.1.1 = Counter32: 0
iso.3.6.1.2.1.4.31.3.1.8.1.2 = Counter32: 0
iso.3.6.1.2.1.4.31.3.1.8.2.1 = Counter32: 0
iso.3.6.1.2.1.4.31.3.1.8.2.2 = Counter32: 0
iso.3.6.1.2.1.4.31.3.1.9.1.1 = Counter32: 0
iso.3.6.1.2.1.4.31.3.1.9.1.2 = Counter32: 0
iso.3.6.1.2.1.4.31.3.1.9.2.1 = Counter32: 0
iso.3.6.1.2.1.4.31.3.1.9.2.2 = Counter32: 0
iso.3.6.1.2.1.4.31.3.1.10.1.1 = Counter32: 0
iso.3.6.1.2.1.4.31.3.1.10.1.2 = Counter32: 0
iso.3.6.1.2.1.4.31.3.1.10.2.1 = Counter32: 0
iso.3.6.1.2.1.4.31.3.1.10.2.2 = Counter32: 0
iso.3.6.1.2.1.4.31.3.1.11.1.1 = Counter32: 0
iso.3.6.1.2.1.4.31.3.1.11.1.2 = Counter32: 0
iso.3.6.1.2.1.4.31.3.1.11.2.1 = Counter32: 0
iso.3.6.1.2.1.4.31.3.1.11.2.2 = Counter32: 0
iso.3.6.1.2.1.4.31.3.1.12.1.1 = Counter32: 0
iso.3.6.1.2.1.4.31.3.1.12.1.2 = Counter32: 0
iso.3.6.1.2.1.4.31.3.1.12.2.1 = Counter32: 0
iso.3.6.1.2.1.4.31.3.1.12.2.2 = Counter32: 0
iso.3.6.1.2.1.4.31.3.1.13.1.1 = Counter32: 0
iso.3.6.1.2.1.4.31.3.1.13.1.2 = Counter32: 0
iso.3.6.1.2.1.4.31.3.1.13.2.1 = Counter32: 0
iso.3.6.1.2.1.4.31.3.1.13.2.2 = Counter32: 0
iso.3.6.1.2.1.4.31.3.1.14.1.1 = Counter32: 0
iso.3.6.1.2.1.4.31.3.1.14.1.2 = Counter32: 0
iso.3.6.1.2.1.4.31.3.1.14.2.1 = Counter32: 0
iso.3.6.1.2.1.4.31.3.1.14.2.2 = Counter32: 0
iso.3.6.1.2.1.4.31.3.1.15.1.1 = Counter32: 0
iso.3.6.1.2.1.4.31.3.1.15.1.2 = Counter32: 0
iso.3.6.1.2.1.4.31.3.1.15.2.1 = Counter32: 0
iso.3.6.1.2.1.4.31.3.1.15.2.2 = Counter32: 0
iso.3.6.1.2.1.4.31.3.1.16.1.1 = Counter32: 0
iso.3.6.1.2.1.4.31.3.1.16.1.2 = Counter32: 0
iso.3.6.1.2.1.4.31.3.1.16.2.1 = Counter32: 0
iso.3.6.1.2.1.4.31.3.1.16.2.2 = Counter32: 0
iso.3.6.1.2.1.4.31.3.1.17.1.1 = Counter32: 0
iso.3.6.1.2.1.4.31.3.1.17.1.2 = Counter32: 0
iso.3.6.1.2.1.4.31.3.1.17.2.1 = Counter32: 0
iso.3.6.1.2.1.4.31.3.1.17.2.2 = Counter32: 23
iso.3.6.1.2.1.4.31.3.1.18.1.1 = Counter32: 0
iso.3.6.1.2.1.4.31.3.1.18.1.2 = Counter32: 0
iso.3.6.1.2.1.4.31.3.1.18.2.1 = Counter32: 0
iso.3.6.1.2.1.4.31.3.1.18.2.2 = Counter32: 41103
iso.3.6.1.2.1.4.31.3.1.19.1.1 = Counter32: 0
iso.3.6.1.2.1.4.31.3.1.19.1.2 = Counter32: 0
iso.3.6.1.2.1.4.31.3.1.19.2.1 = Counter32: 0
iso.3.6.1.2.1.4.31.3.1.19.2.2 = Counter32: 0
iso.3.6.1.2.1.4.31.3.1.20.1.1 = Counter32: 0
iso.3.6.1.2.1.4.31.3.1.20.1.2 = Counter32: 0
iso.3.6.1.2.1.4.31.3.1.20.2.1 = Counter32: 0
iso.3.6.1.2.1.4.31.3.1.20.2.2 = Counter32: 0
iso.3.6.1.2.1.4.31.3.1.21.1.1 = Counter32: 0
iso.3.6.1.2.1.4.31.3.1.21.1.2 = Counter32: 0
iso.3.6.1.2.1.4.31.3.1.21.2.1 = Counter32: 0
iso.3.6.1.2.1.4.31.3.1.21.2.2 = Counter32: 0
iso.3.6.1.2.1.4.31.3.1.22.1.1 = Counter32: 0
iso.3.6.1.2.1.4.31.3.1.22.1.2 = Counter32: 0
iso.3.6.1.2.1.4.31.3.1.22.2.1 = Counter32: 0
iso.3.6.1.2.1.4.31.3.1.22.2.2 = Counter32: 0
iso.3.6.1.2.1.4.31.3.1.23.1.1 = Counter32: 0
iso.3.6.1.2.1.4.31.3.1.23.1.2 = Counter32: 0
iso.3.6.1.2.1.4.31.3.1.23.2.1 = Counter32: 0
iso.3.6.1.2.1.4.31.3.1.23.2.2 = Counter32: 0
iso.3.6.1.2.1.4.31.3.1.24.1.1 = Counter32: 0
iso.3.6.1.2.1.4.31.3.1.24.1.2 = Counter32: 0
iso.3.6.1.2.1.4.31.3.1.24.2.1 = Counter32: 0
iso.3.6.1.2.1.4.31.3.1.24.2.2 = Counter32: 0
iso.3.6.1.2.1.4.31.3.1.25.1.1 = Counter32: 0
iso.3.6.1.2.1.4.31.3.1.25.1.2 = Counter32: 0
iso.3.6.1.2.1.4.31.3.1.25.2.1 = Counter32: 0
iso.3.6.1.2.1.4.31.3.1.25.2.2 = Counter32: 0
iso.3.6.1.2.1.4.31.3.1.26.1.1 = Counter32: 0
iso.3.6.1.2.1.4.31.3.1.26.1.2 = Counter32: 0
iso.3.6.1.2.1.4.31.3.1.26.2.1 = Counter32: 0
iso.3.6.1.2.1.4.31.3.1.26.2.2 = Counter32: 0
iso.3.6.1.2.1.4.31.3.1.27.1.1 = Counter64: 0
iso.3.6.1.2.1.4.31.3.1.27.1.2 = Counter64: 0
iso.3.6.1.2.1.4.31.3.1.27.2.1 = Counter64: 0
iso.3.6.1.2.1.4.31.3.1.27.2.2 = Counter64: 0
iso.3.6.1.2.1.4.31.3.1.28.1.1 = Counter32: 0
iso.3.6.1.2.1.4.31.3.1.28.1.2 = Counter32: 512006117
iso.3.6.1.2.1.4.31.3.1.28.2.1 = Counter32: 0
iso.3.6.1.2.1.4.31.3.1.28.2.2 = Counter32: 0
iso.3.6.1.2.1.4.31.3.1.29.1.1 = Counter64: 0
iso.3.6.1.2.1.4.31.3.1.29.1.2 = Counter64: 512006481
iso.3.6.1.2.1.4.31.3.1.29.2.1 = Counter64: 0
iso.3.6.1.2.1.4.31.3.1.29.2.2 = Counter64: 0
iso.3.6.1.2.1.4.31.3.1.30.1.1 = Counter32: 0
iso.3.6.1.2.1.4.31.3.1.30.1.2 = Counter32: 0
iso.3.6.1.2.1.4.31.3.1.30.2.1 = Counter32: 0
iso.3.6.1.2.1.4.31.3.1.30.2.2 = Counter32: 23
iso.3.6.1.2.1.4.31.3.1.31.1.1 = Counter64: 0
iso.3.6.1.2.1.4.31.3.1.31.1.2 = Counter64: 0
iso.3.6.1.2.1.4.31.3.1.31.2.1 = Counter64: 0
iso.3.6.1.2.1.4.31.3.1.31.2.2 = Counter64: 23
iso.3.6.1.2.1.4.31.3.1.32.1.1 = Counter32: 0
iso.3.6.1.2.1.4.31.3.1.32.1.2 = Counter32: 0
iso.3.6.1.2.1.4.31.3.1.32.2.1 = Counter32: 0
iso.3.6.1.2.1.4.31.3.1.32.2.2 = Counter32: 0
iso.3.6.1.2.1.4.31.3.1.33.1.1 = Counter64: 0
iso.3.6.1.2.1.4.31.3.1.33.1.2 = Counter64: 0
iso.3.6.1.2.1.4.31.3.1.33.2.1 = Counter64: 0
iso.3.6.1.2.1.4.31.3.1.33.2.2 = Counter64: 0
iso.3.6.1.2.1.4.31.3.1.34.1.1 = Counter32: 0
iso.3.6.1.2.1.4.31.3.1.34.1.2 = Counter32: 0
iso.3.6.1.2.1.4.31.3.1.34.2.1 = Counter32: 0
iso.3.6.1.2.1.4.31.3.1.34.2.2 = Counter32: 41103
iso.3.6.1.2.1.4.31.3.1.35.1.1 = Counter64: 0
iso.3.6.1.2.1.4.31.3.1.35.1.2 = Counter64: 0
iso.3.6.1.2.1.4.31.3.1.35.2.1 = Counter64: 0
iso.3.6.1.2.1.4.31.3.1.35.2.2 = Counter64: 41103
iso.3.6.1.2.1.4.31.3.1.36.1.1 = Counter32: 0
iso.3.6.1.2.1.4.31.3.1.36.1.2 = Counter32: 0
iso.3.6.1.2.1.4.31.3.1.36.2.1 = Counter32: 0
iso.3.6.1.2.1.4.31.3.1.36.2.2 = Counter32: 0
iso.3.6.1.2.1.4.31.3.1.37.1.1 = Counter64: 0
iso.3.6.1.2.1.4.31.3.1.37.1.2 = Counter64: 0
iso.3.6.1.2.1.4.31.3.1.37.2.1 = Counter64: 0
iso.3.6.1.2.1.4.31.3.1.37.2.2 = Counter64: 0
iso.3.6.1.2.1.4.31.3.1.38.1.1 = Counter32: 0
iso.3.6.1.2.1.4.31.3.1.38.1.2 = Counter32: 169928
iso.3.6.1.2.1.4.31.3.1.38.2.1 = Counter32: 0
iso.3.6.1.2.1.4.31.3.1.38.2.2 = Counter32: 0
iso.3.6.1.2.1.4.31.3.1.39.1.1 = Counter64: 0
iso.3.6.1.2.1.4.31.3.1.39.1.2 = Counter64: 169928
iso.3.6.1.2.1.4.31.3.1.39.2.1 = Counter64: 0
iso.3.6.1.2.1.4.31.3.1.39.2.2 = Counter64: 0
iso.3.6.1.2.1.4.31.3.1.40.1.1 = Counter32: 0
iso.3.6.1.2.1.4.31.3.1.40.1.2 = Counter32: 2703
iso.3.6.1.2.1.4.31.3.1.40.2.1 = Counter32: 0
iso.3.6.1.2.1.4.31.3.1.40.2.2 = Counter32: 0
iso.3.6.1.2.1.4.31.3.1.41.1.1 = Counter64: 0
iso.3.6.1.2.1.4.31.3.1.41.1.2 = Counter64: 2703
iso.3.6.1.2.1.4.31.3.1.41.2.1 = Counter64: 0
iso.3.6.1.2.1.4.31.3.1.41.2.2 = Counter64: 0
iso.3.6.1.2.1.4.31.3.1.42.1.1 = Timeticks: (0) 0:00:00.00
iso.3.6.1.2.1.4.31.3.1.42.1.2 = Timeticks: (0) 0:00:00.00
iso.3.6.1.2.1.4.31.3.1.42.2.1 = Timeticks: (0) 0:00:00.00
iso.3.6.1.2.1.4.31.3.1.42.2.2 = Timeticks: (0) 0:00:00.00
iso.3.6.1.2.1.4.31.3.1.43.1.1 = Gauge32: 0
iso.3.6.1.2.1.4.31.3.1.43.1.2 = Gauge32: 0
iso.3.6.1.2.1.4.31.3.1.43.2.1 = Gauge32: 0
iso.3.6.1.2.1.4.31.3.1.43.2.2 = Gauge32: 0
iso.3.6.1.2.1.4.33.1.3.1.4.127.0.0.1 = INTEGER: 1
iso.3.6.1.2.1.4.33.1.3.1.4.172.24.98.6 = INTEGER: 2
iso.3.6.1.2.1.4.33.1.4.1.4.127.0.0.1 = INTEGER: 1
iso.3.6.1.2.1.4.33.1.4.1.4.172.24.98.6 = INTEGER: 1
iso.3.6.1.2.1.4.33.1.6.1.4.127.0.0.1 = INTEGER: 2
iso.3.6.1.2.1.4.33.1.6.1.4.172.24.98.6 = INTEGER: 4
iso.3.6.1.2.1.4.33.1.7.1.4.127.0.0.1 = INTEGER: 1
iso.3.6.1.2.1.4.33.1.7.1.4.172.24.98.6 = INTEGER: 1
iso.3.6.1.2.1.4.33.1.8.1.4.127.0.0.1 = Timeticks: (0) 0:00:00.00
iso.3.6.1.2.1.4.33.1.8.1.4.172.24.98.6 = Timeticks: (0) 0:00:00.00
iso.3.6.1.2.1.4.33.1.9.1.4.127.0.0.1 = Timeticks: (0) 0:00:00.00
iso.3.6.1.2.1.4.33.1.9.1.4.172.24.98.6 = Timeticks: (0) 0:00:00.00
iso.3.6.1.2.1.4.34.1.4.2.1.4.172.24.98.1 = Hex-STRING: DC 2C 6E 55 53 3C 
iso.3.6.1.2.1.4.34.1.4.2.1.4.172.24.98.51 = Hex-STRING: 90 09 D0 0C 3F 95 
iso.3.6.1.2.1.4.34.1.5.2.1.4.172.24.98.1 = Timeticks: (0) 0:00:00.00
iso.3.6.1.2.1.4.34.1.5.2.1.4.172.24.98.51 = Timeticks: (0) 0:00:00.00
iso.3.6.1.2.1.4.34.1.6.2.1.4.172.24.98.1 = INTEGER: 3
iso.3.6.1.2.1.4.34.1.6.2.1.4.172.24.98.51 = INTEGER: 3
iso.3.6.1.2.1.4.34.1.7.2.1.4.172.24.98.1 = INTEGER: 6
iso.3.6.1.2.1.4.34.1.7.2.1.4.172.24.98.51 = INTEGER: 6
iso.3.6.1.2.1.4.35.1.2.1 = Gauge32: 0
iso.3.6.1.2.1.4.35.1.2.2 = Gauge32: 0
iso.3.6.1.2.1.4.35.1.3.1 = Gauge32: 0
iso.3.6.1.2.1.4.35.1.3.2 = Gauge32: 0
iso.3.6.1.2.1.4.35.1.4.1 = Gauge32: 0
iso.3.6.1.2.1.4.35.1.4.2 = Gauge32: 0
iso.3.6.1.2.1.4.35.1.5.1 = Gauge32: 0
iso.3.6.1.2.1.4.35.1.5.2 = Gauge32: 0
iso.3.6.1.2.1.4.35.1.6.1 = Gauge32: 0
iso.3.6.1.2.1.4.35.1.6.2 = Gauge32: 0
iso.3.6.1.2.1.4.35.1.7.1 = Gauge32: 0
iso.3.6.1.2.1.4.35.1.7.2 = Gauge32: 0
iso.3.6.1.2.1.4.35.1.8.1 = Gauge32: 0
iso.3.6.1.2.1.4.35.1.8.2 = Gauge32: 0
iso.3.6.1.2.1.4.35.1.9.1 = Gauge32: 0
iso.3.6.1.2.1.4.35.1.9.2 = Gauge32: 0
iso.3.6.1.2.1.4.35.1.10.1 = Gauge32: 0
iso.3.6.1.2.1.4.35.1.10.2 = Gauge32: 0
iso.3.6.1.2.1.4.35.1.11.1 = Gauge32: 0
iso.3.6.1.2.1.4.35.1.11.2 = Gauge32: 0
iso.3.6.1.2.1.4.35.1.12.1 = Gauge32: 0
iso.3.6.1.2.1.4.35.1.12.2 = Gauge32: 0
iso.3.6.1.2.1.4.35.1.13.1 = Gauge32: 0
iso.3.6.1.2.1.4.35.1.13.2 = Gauge32: 0
iso.3.6.1.2.1.5.1.0 = Counter32: 206291
iso.3.6.1.2.1.5.2.0 = Counter32: 0
iso.3.6.1.2.1.5.3.0 = Counter32: 188418
iso.3.6.1.2.1.5.4.0 = Counter32: 0
iso.3.6.1.2.1.5.5.0 = Counter32: 0
iso.3.6.1.2.1.5.6.0 = Counter32: 0
iso.3.6.1.2.1.5.7.0 = Counter32: 0
iso.3.6.1.2.1.5.8.0 = Counter32: 8
iso.3.6.1.2.1.5.9.0 = Counter32: 17865
iso.3.6.1.2.1.5.10.0 = Counter32: 0
iso.3.6.1.2.1.5.11.0 = Counter32: 0
iso.3.6.1.2.1.5.12.0 = Counter32: 0
iso.3.6.1.2.1.5.13.0 = Counter32: 0
iso.3.6.1.2.1.5.14.0 = Counter32: 17879
iso.3.6.1.2.1.5.15.0 = Counter32: 0
iso.3.6.1.2.1.5.16.0 = Counter32: 0
iso.3.6.1.2.1.5.17.0 = Counter32: 0
iso.3.6.1.2.1.5.18.0 = Counter32: 0
iso.3.6.1.2.1.5.19.0 = Counter32: 0
iso.3.6.1.2.1.5.20.0 = Counter32: 0
iso.3.6.1.2.1.5.21.0 = Counter32: 17871
iso.3.6.1.2.1.5.22.0 = Counter32: 8
iso.3.6.1.2.1.5.23.0 = Counter32: 0
iso.3.6.1.2.1.5.24.0 = Counter32: 0
iso.3.6.1.2.1.5.25.0 = Counter32: 0
iso.3.6.1.2.1.5.26.0 = Counter32: 0
iso.3.6.1.2.1.5.27.1.2.1 = Counter32: 206291
iso.3.6.1.2.1.5.27.1.2.2 = Counter32: 21
iso.3.6.1.2.1.5.27.1.3.1 = Counter32: 0
iso.3.6.1.2.1.5.27.1.3.2 = Counter32: 0
iso.3.6.1.2.1.5.27.1.4.1 = Counter32: 17879
iso.3.6.1.2.1.5.27.1.4.2 = Counter32: 2
iso.3.6.1.2.1.5.27.1.5.1 = Counter32: 0
iso.3.6.1.2.1.5.27.1.5.2 = Counter32: 0
iso.3.6.1.2.1.5.28.1.3.1.0 = Counter32: 17865
iso.3.6.1.2.1.5.28.1.3.1.3 = Counter32: 188418
iso.3.6.1.2.1.5.28.1.3.1.4 = Counter32: 0
iso.3.6.1.2.1.5.28.1.3.1.5 = Counter32: 0
iso.3.6.1.2.1.5.28.1.3.1.8 = Counter32: 8
iso.3.6.1.2.1.5.28.1.3.1.9 = Counter32: 0
iso.3.6.1.2.1.5.28.1.3.1.10 = Counter32: 0
iso.3.6.1.2.1.5.28.1.3.1.11 = Counter32: 0
iso.3.6.1.2.1.5.28.1.3.1.12 = Counter32: 0
iso.3.6.1.2.1.5.28.1.3.1.13 = Counter32: 0
iso.3.6.1.2.1.5.28.1.3.1.14 = Counter32: 0
iso.3.6.1.2.1.5.28.1.3.1.15 = Counter32: 0
iso.3.6.1.2.1.5.28.1.3.1.16 = Counter32: 0
iso.3.6.1.2.1.5.28.1.3.1.17 = Counter32: 0
iso.3.6.1.2.1.5.28.1.3.1.18 = Counter32: 0
iso.3.6.1.2.1.5.28.1.3.2.1 = Counter32: 0
iso.3.6.1.2.1.5.28.1.3.2.2 = Counter32: 0
iso.3.6.1.2.1.5.28.1.3.2.3 = Counter32: 0
iso.3.6.1.2.1.5.28.1.3.2.4 = Counter32: 0
iso.3.6.1.2.1.5.28.1.3.2.128 = Counter32: 0
iso.3.6.1.2.1.5.28.1.3.2.129 = Counter32: 0
iso.3.6.1.2.1.5.28.1.3.2.130 = Counter32: 0
iso.3.6.1.2.1.5.28.1.3.2.131 = Counter32: 0
iso.3.6.1.2.1.5.28.1.3.2.132 = Counter32: 0
iso.3.6.1.2.1.5.28.1.3.2.133 = Counter32: 0
iso.3.6.1.2.1.5.28.1.3.2.134 = Counter32: 0
iso.3.6.1.2.1.5.28.1.3.2.135 = Counter32: 0
iso.3.6.1.2.1.5.28.1.3.2.136 = Counter32: 21
iso.3.6.1.2.1.5.28.1.3.2.137 = Counter32: 0
iso.3.6.1.2.1.5.28.1.4.1.0 = Counter32: 8
iso.3.6.1.2.1.5.28.1.4.1.3 = Counter32: 0
iso.3.6.1.2.1.5.28.1.4.1.4 = Counter32: 0
iso.3.6.1.2.1.5.28.1.4.1.5 = Counter32: 0
iso.3.6.1.2.1.5.28.1.4.1.8 = Counter32: 17871
iso.3.6.1.2.1.5.28.1.4.1.9 = Counter32: 0
iso.3.6.1.2.1.5.28.1.4.1.10 = Counter32: 0
iso.3.6.1.2.1.5.28.1.4.1.11 = Counter32: 0
iso.3.6.1.2.1.5.28.1.4.1.12 = Counter32: 0
iso.3.6.1.2.1.5.28.1.4.1.13 = Counter32: 0
iso.3.6.1.2.1.5.28.1.4.1.14 = Counter32: 0
iso.3.6.1.2.1.5.28.1.4.1.15 = Counter32: 0
iso.3.6.1.2.1.5.28.1.4.1.16 = Counter32: 0
iso.3.6.1.2.1.5.28.1.4.1.17 = Counter32: 0
iso.3.6.1.2.1.5.28.1.4.1.18 = Counter32: 0
iso.3.6.1.2.1.5.28.1.4.2.1 = Counter32: 0
iso.3.6.1.2.1.5.28.1.4.2.2 = Counter32: 0
iso.3.6.1.2.1.5.28.1.4.2.3 = Counter32: 0
iso.3.6.1.2.1.5.28.1.4.2.4 = Counter32: 0
iso.3.6.1.2.1.5.28.1.4.2.128 = Counter32: 0
iso.3.6.1.2.1.5.28.1.4.2.129 = Counter32: 0
iso.3.6.1.2.1.5.28.1.4.2.130 = Counter32: 0
iso.3.6.1.2.1.5.28.1.4.2.131 = Counter32: 2
iso.3.6.1.2.1.5.28.1.4.2.132 = Counter32: 0
iso.3.6.1.2.1.5.28.1.4.2.133 = Counter32: 0
iso.3.6.1.2.1.5.28.1.4.2.134 = Counter32: 0
iso.3.6.1.2.1.5.28.1.4.2.135 = Counter32: 0
iso.3.6.1.2.1.5.28.1.4.2.136 = Counter32: 0
iso.3.6.1.2.1.5.28.1.4.2.137 = Counter32: 0
iso.3.6.1.2.1.6.1.0 = INTEGER: 4
iso.3.6.1.2.1.6.2.0 = INTEGER: 1000
iso.3.6.1.2.1.6.3.0 = INTEGER: 60000
iso.3.6.1.2.1.6.4.0 = INTEGER: -1
iso.3.6.1.2.1.6.5.0 = Counter32: 0
iso.3.6.1.2.1.6.6.0 = Counter32: 187
iso.3.6.1.2.1.6.7.0 = Counter32: 0
iso.3.6.1.2.1.6.8.0 = Counter32: 3
iso.3.6.1.2.1.6.9.0 = Gauge32: 0
iso.3.6.1.2.1.6.10.0 = Counter32: 9172
iso.3.6.1.2.1.6.11.0 = Counter32: 9242
iso.3.6.1.2.1.6.12.0 = Counter32: 150
iso.3.6.1.2.1.6.14.0 = Counter32: 0
iso.3.6.1.2.1.6.15.0 = Counter32: 10
iso.3.6.1.2.1.6.17.0 = Counter64: 9172
iso.3.6.1.2.1.6.18.0 = Counter64: 9242
iso.3.6.1.2.1.7.1.0 = Counter32: 4031340
iso.3.6.1.2.1.7.2.0 = Counter32: 168579
iso.3.6.1.2.1.7.3.0 = Counter32: 0
iso.3.6.1.2.1.7.4.0 = Counter32: 4261009
iso.3.6.1.2.1.7.8.0 = Counter64: 4031344
iso.3.6.1.2.1.7.9.0 = Counter64: 4261011
iso.3.6.1.2.1.11.1.0 = Counter32: 4030995
iso.3.6.1.2.1.11.2.0 = Counter32: 4027625
iso.3.6.1.2.1.11.3.0 = Counter32: 0
iso.3.6.1.2.1.11.4.0 = Counter32: 0
iso.3.6.1.2.1.11.5.0 = Counter32: 285
iso.3.6.1.2.1.11.6.0 = Counter32: 0
iso.3.6.1.2.1.11.8.0 = Counter32: 0
iso.3.6.1.2.1.11.9.0 = Counter32: 0
iso.3.6.1.2.1.11.10.0 = Counter32: 0
iso.3.6.1.2.1.11.11.0 = Counter32: 0
iso.3.6.1.2.1.11.12.0 = Counter32: 0
iso.3.6.1.2.1.11.13.0 = Counter32: 4027381
iso.3.6.1.2.1.11.14.0 = Counter32: 0
iso.3.6.1.2.1.11.15.0 = Counter32: 4021205
iso.3.6.1.2.1.11.16.0 = Counter32: 6465
iso.3.6.1.2.1.11.17.0 = Counter32: 0
iso.3.6.1.2.1.11.18.0 = Counter32: 0
iso.3.6.1.2.1.11.19.0 = Counter32: 0
iso.3.6.1.2.1.11.20.0 = Counter32: 0
iso.3.6.1.2.1.11.21.0 = Counter32: 285
iso.3.6.1.2.1.11.22.0 = Counter32: 0
iso.3.6.1.2.1.11.24.0 = Counter32: 0
iso.3.6.1.2.1.11.25.0 = Counter32: 0
iso.3.6.1.2.1.11.26.0 = Counter32: 0
iso.3.6.1.2.1.11.27.0 = Counter32: 0
iso.3.6.1.2.1.11.28.0 = Counter32: 4027680
iso.3.6.1.2.1.11.29.0 = Counter32: 0
iso.3.6.1.2.1.11.30.0 = INTEGER: 1
iso.3.6.1.2.1.11.31.0 = Counter32: 3370
iso.3.6.1.2.1.11.32.0 = Counter32: 0
iso.3.6.1.2.1.33.1.1.1.0 = STRING: "APC"
iso.3.6.1.2.1.33.1.1.2.0 = STRING: "Smart-UPS 5000"
iso.3.6.1.2.1.33.1.1.3.0 = STRING: "657.19.I"
iso.3.6.1.2.1.33.1.1.5.0 = STRING: "OSA_Rskt"
iso.3.6.1.2.1.33.1.2.1.0 = INTEGER: 2
iso.3.6.1.2.1.33.1.2.2.0 = INTEGER: 0
iso.3.6.1.2.1.33.1.2.3.0 = INTEGER: 89
iso.3.6.1.2.1.33.1.2.4.0 = INTEGER: 100
iso.3.6.1.2.1.33.1.2.5.0 = INTEGER: 548
iso.3.6.1.2.1.33.1.2.7.0 = INTEGER: 8
iso.3.6.1.2.1.33.1.3.2.0 = INTEGER: 1
iso.3.6.1.2.1.33.1.3.3.1.1.1 = INTEGER: 1
iso.3.6.1.2.1.33.1.3.3.1.2.1 = INTEGER: 500
iso.3.6.1.2.1.33.1.3.3.1.3.1 = INTEGER: 220
iso.3.6.1.2.1.33.1.3.3.1.4.1 = INTEGER: 0
iso.3.6.1.2.1.33.1.3.3.1.5.1 = INTEGER: 0
iso.3.6.1.2.1.33.1.4.1.0 = INTEGER: 2
iso.3.6.1.2.1.33.1.4.2.0 = INTEGER: 500
iso.3.6.1.2.1.33.1.4.3.0 = INTEGER: 1
iso.3.6.1.2.1.33.1.4.4.1.1.1 = INTEGER: 1
iso.3.6.1.2.1.33.1.4.4.1.2.1 = INTEGER: 220
iso.3.6.1.2.1.33.1.4.4.1.3.1 = INTEGER: 18
iso.3.6.1.2.1.33.1.4.4.1.4.1 = INTEGER: 0
iso.3.6.1.2.1.33.1.4.4.1.5.1 = INTEGER: 11
iso.3.6.1.2.1.33.1.5.1.0 = INTEGER: 500
iso.3.6.1.2.1.33.1.5.2.0 = INTEGER: 1
iso.3.6.1.2.1.33.1.5.3.1.1.1 = INTEGER: 1
iso.3.6.1.2.1.33.1.5.3.1.2.1 = INTEGER: 0
iso.3.6.1.2.1.33.1.5.3.1.3.1 = INTEGER: 18
iso.3.6.1.2.1.33.1.5.3.1.4.1 = INTEGER: 0
iso.3.6.1.2.1.33.1.6.1.0 = Gauge32: 0
iso.3.6.1.2.1.33.1.7.1.0 = OID: iso.3.6.1.2.1.33.1.7.7.4
iso.3.6.1.2.1.33.1.7.2.0 = INTEGER: 8
iso.3.6.1.2.1.33.1.7.3.0 = INTEGER: 1
iso.3.6.1.2.1.33.1.7.4.0 = ""
iso.3.6.1.2.1.33.1.7.5.0 = Timeticks: (483785095) 55 days, 23:50:50.95
iso.3.6.1.2.1.33.1.7.6.0 = Timeticks: (1567) 0:00:15.67
iso.3.6.1.2.1.33.1.8.1.0 = INTEGER: 2
iso.3.6.1.2.1.33.1.8.2.0 = INTEGER: -1
iso.3.6.1.2.1.33.1.8.3.0 = INTEGER: -1
iso.3.6.1.2.1.33.1.8.4.0 = INTEGER: -1
iso.3.6.1.2.1.33.1.8.5.0 = INTEGER: 2
iso.3.6.1.2.1.33.1.9.2.0 = INTEGER: 500
iso.3.6.1.2.1.33.1.9.3.0 = INTEGER: 230
iso.3.6.1.2.1.33.1.9.4.0 = INTEGER: 500
iso.3.6.1.2.1.33.1.9.5.0 = INTEGER: 0
iso.3.6.1.2.1.33.1.9.6.0 = INTEGER: 0
iso.3.6.1.2.1.33.1.9.7.0 = INTEGER: 23
iso.3.6.1.2.1.33.1.9.8.0 = INTEGER: 2
iso.3.6.1.2.1.33.1.9.9.0 = INTEGER: 208
iso.3.6.1.2.1.33.1.9.10.0 = INTEGER: 253
